15:02:59 INFO  : Registering command handlers for SDK TCF services
15:03:01 INFO  : Launching XSCT server: xsct -n -interactive /home/carlos/Desktop/REPO/github/cpantel/TheZynqBook/2018/exercise01/exercise01.sdk/temp_xsdb_launch_script.tcl
15:03:06 INFO  : XSCT server has started successfully.
15:03:06 INFO  : Successfully done setting XSCT server connection channel  
15:03:24 INFO  : Successfully done setting SDK workspace  
15:03:24 INFO  : Processing command line option -hwspec /home/carlos/Desktop/REPO/github/cpantel/TheZynqBook/2018/exercise01/exercise01.sdk/design_1_wrapper.hdf.
15:06:34 INFO  : Connected to target on host '127.0.0.1' and port '3121'.
15:06:34 INFO  : 'targets -set -filter {jtag_cable_name =~ "Xilinx TUL 1234-tulA" && level==0} -index 1' command is executed.
15:06:36 INFO  : FPGA configured successfully with bitstream "/home/carlos/Desktop/REPO/github/cpantel/TheZynqBook/2018/exercise01/exercise01.sdk/design_1_wrapper_hw_platform_0/design_1_wrapper.bit"
15:07:44 INFO  : 'targets -set -filter {jtag_cable_name =~ "Xilinx TUL 1234-tulA" && level==0} -index 1' command is executed.
15:07:44 INFO  : 'fpga -state' command is executed.
15:07:44 INFO  : Connected to target on host '127.0.0.1' and port '3121'.
15:07:45 INFO  : Jtag cable 'Xilinx TUL 1234-tulA' is selected.
15:07:45 INFO  : 'jtag frequency' command is executed.
15:07:45 INFO  : Sourcing of '/home/carlos/Desktop/REPO/github/cpantel/TheZynqBook/2018/exercise01/exercise01.sdk/design_1_wrapper_hw_platform_0/ps7_init.tcl' is done.
15:07:45 INFO  : Context for 'APU' is selected.
15:07:45 INFO  : Hardware design information is loaded from '/home/carlos/Desktop/REPO/github/cpantel/TheZynqBook/2018/exercise01/exercise01.sdk/design_1_wrapper_hw_platform_0/system.hdf'.
15:07:45 INFO  : 'configparams force-mem-access 1' command is executed.
15:07:45 INFO  : Context for 'APU' is selected.
15:07:45 INFO  : 'stop' command is executed.
15:07:45 INFO  : 'ps7_init' command is executed.
15:07:45 INFO  : 'ps7_post_config' command is executed.
15:07:45 INFO  : Context for processor 'ps7_cortexa9_0' is selected.
15:07:45 INFO  : Processor reset is completed for 'ps7_cortexa9_0'.
15:07:45 INFO  : Context for processor 'ps7_cortexa9_0' is selected.
15:07:45 INFO  : The application '/home/carlos/Desktop/REPO/github/cpantel/TheZynqBook/2018/exercise01/exercise01.sdk/Led_test/Debug/Led_test.elf' is downloaded to processor 'ps7_cortexa9_0'.
15:07:45 INFO  : 'configparams force-mem-access 0' command is executed.
15:07:45 INFO  : ----------------XSDB Script----------------
connect -url tcp:127.0.0.1:3121
source /home/carlos/Desktop/REPO/github/cpantel/TheZynqBook/2018/exercise01/exercise01.sdk/design_1_wrapper_hw_platform_0/ps7_init.tcl
targets -set -nocase -filter {name =~"APU*" && jtag_cable_name =~ "Xilinx TUL 1234-tulA"} -index 0
loadhw -hw /home/carlos/Desktop/REPO/github/cpantel/TheZynqBook/2018/exercise01/exercise01.sdk/design_1_wrapper_hw_platform_0/system.hdf -mem-ranges [list {0x40000000 0xbfffffff}]
configparams force-mem-access 1
targets -set -nocase -filter {name =~"APU*" && jtag_cable_name =~ "Xilinx TUL 1234-tulA"} -index 0
stop
ps7_init
ps7_post_config
targets -set -nocase -filter {name =~ "ARM*#0" && jtag_cable_name =~ "Xilinx TUL 1234-tulA"} -index 0
rst -processor
targets -set -nocase -filter {name =~ "ARM*#0" && jtag_cable_name =~ "Xilinx TUL 1234-tulA"} -index 0
dow /home/carlos/Desktop/REPO/github/cpantel/TheZynqBook/2018/exercise01/exercise01.sdk/Led_test/Debug/Led_test.elf
configparams force-mem-access 0
----------------End of Script----------------

15:07:45 INFO  : Memory regions updated for context APU
15:07:46 INFO  : Context for processor 'ps7_cortexa9_0' is selected.
15:07:46 INFO  : 'con' command is executed.
15:07:46 INFO  : ----------------XSDB Script (After Launch)----------------
targets -set -nocase -filter {name =~ "ARM*#0" && jtag_cable_name =~ "Xilinx TUL 1234-tulA"} -index 0
con
----------------End of Script----------------

15:07:46 INFO  : Launch script is exported to file '/home/carlos/Desktop/REPO/github/cpantel/TheZynqBook/2018/exercise01/exercise01.sdk/.sdk/launch_scripts/xilinx_c-c++_application_(system_debugger)/system_debugger_using_debug_led_test.elf_on_local.tcl'
12:42:08 INFO  : Disconnected from the channel tcfchan#1.
