12:50:15 INFO  : Registering command handlers for SDK TCF services
12:50:17 INFO  : Launching XSCT server: xsct -n -interactive /home/carlos/Desktop/REPO/github/cpantel/TheZynqBook/pynq-z2/2018.2/exercise04/exercise04.sdk/temp_xsdb_launch_script.tcl
12:50:21 INFO  : XSCT server has started successfully.
12:50:21 INFO  : Successfully done setting XSCT server connection channel  
12:50:21 INFO  : Successfully done setting SDK workspace  
12:50:21 INFO  : Processing command line option -hwspec /home/carlos/Desktop/REPO/github/cpantel/TheZynqBook/pynq-z2/2018.2/exercise04/exercise04.sdk/led_test_system_wrapper.hdf.
12:52:23 INFO  : Saving repository preferences.
12:52:23 INFO  : Reading in cores from local repositories: 
		 /home/carlos/Desktop/REPO/github/cpantel/TheZynqBook/pynq-z2/2018.2/ip_repo/led_controller_1.0
12:52:23 INFO  : Cleaning BSP projects in the workspace.
12:52:38 INFO  : No changes in MSS file content so not generating sources.
12:58:41 INFO  : Connected to target on host '127.0.0.1' and port '3121'.
12:58:41 INFO  : 'targets -set -filter {jtag_cable_name =~ "Xilinx TUL 1234-tulA" && level==0} -index 1' command is executed.
12:58:54 INFO  : FPGA configured successfully with bitstream "/home/carlos/Desktop/REPO/github/cpantel/TheZynqBook/pynq-z2/2018.2/exercise04/exercise04.sdk/led_test_system_wrapper_hw_platform_0/led_test_system_wrapper.bit"
13:01:34 INFO  : 'targets -set -filter {jtag_cable_name =~ "Xilinx TUL 1234-tulA" && level==0} -index 1' command is executed.
13:01:34 INFO  : 'fpga -state' command is executed.
13:01:34 INFO  : Connected to target on host '127.0.0.1' and port '3121'.
13:01:34 INFO  : Jtag cable 'Xilinx TUL 1234-tulA' is selected.
13:01:34 INFO  : 'jtag frequency' command is executed.
13:01:34 INFO  : Sourcing of '/home/carlos/Desktop/REPO/github/cpantel/TheZynqBook/pynq-z2/2018.2/exercise04/exercise04.sdk/led_test_system_wrapper_hw_platform_0/ps7_init.tcl' is done.
13:01:34 INFO  : Context for 'APU' is selected.
13:01:34 INFO  : Hardware design information is loaded from '/home/carlos/Desktop/REPO/github/cpantel/TheZynqBook/pynq-z2/2018.2/exercise04/exercise04.sdk/led_test_system_wrapper_hw_platform_0/system.hdf'.
13:01:34 INFO  : 'configparams force-mem-access 1' command is executed.
13:01:34 INFO  : Context for 'APU' is selected.
13:01:34 INFO  : 'stop' command is executed.
13:01:34 INFO  : 'ps7_init' command is executed.
13:01:34 INFO  : 'ps7_post_config' command is executed.
13:01:35 INFO  : Context for processor 'ps7_cortexa9_0' is selected.
13:01:35 INFO  : Processor reset is completed for 'ps7_cortexa9_0'.
13:01:35 INFO  : Context for processor 'ps7_cortexa9_0' is selected.
13:01:35 INFO  : The application '/home/carlos/Desktop/REPO/github/cpantel/TheZynqBook/pynq-z2/2018.2/exercise04/exercise04.sdk/led_controller_test/Debug/led_controller_test.elf' is downloaded to processor 'ps7_cortexa9_0'.
13:01:35 INFO  : 'configparams force-mem-access 0' command is executed.
13:01:35 INFO  : ----------------XSDB Script----------------
connect -url tcp:127.0.0.1:3121
source /home/carlos/Desktop/REPO/github/cpantel/TheZynqBook/pynq-z2/2018.2/exercise04/exercise04.sdk/led_test_system_wrapper_hw_platform_0/ps7_init.tcl
targets -set -nocase -filter {name =~"APU*" && jtag_cable_name =~ "Xilinx TUL 1234-tulA"} -index 0
loadhw -hw /home/carlos/Desktop/REPO/github/cpantel/TheZynqBook/pynq-z2/2018.2/exercise04/exercise04.sdk/led_test_system_wrapper_hw_platform_0/system.hdf -mem-ranges [list {0x40000000 0xbfffffff}]
configparams force-mem-access 1
targets -set -nocase -filter {name =~"APU*" && jtag_cable_name =~ "Xilinx TUL 1234-tulA"} -index 0
stop
ps7_init
ps7_post_config
targets -set -nocase -filter {name =~ "ARM*#0" && jtag_cable_name =~ "Xilinx TUL 1234-tulA"} -index 0
rst -processor
targets -set -nocase -filter {name =~ "ARM*#0" && jtag_cable_name =~ "Xilinx TUL 1234-tulA"} -index 0
dow /home/carlos/Desktop/REPO/github/cpantel/TheZynqBook/pynq-z2/2018.2/exercise04/exercise04.sdk/led_controller_test/Debug/led_controller_test.elf
configparams force-mem-access 0
----------------End of Script----------------

13:01:35 INFO  : Memory regions updated for context APU
13:01:35 INFO  : Context for processor 'ps7_cortexa9_0' is selected.
13:01:35 INFO  : 'con' command is executed.
13:01:35 INFO  : ----------------XSDB Script (After Launch)----------------
targets -set -nocase -filter {name =~ "ARM*#0" && jtag_cable_name =~ "Xilinx TUL 1234-tulA"} -index 0
con
----------------End of Script----------------

13:01:35 INFO  : Launch script is exported to file '/home/carlos/Desktop/REPO/github/cpantel/TheZynqBook/pynq-z2/2018.2/exercise04/exercise04.sdk/.sdk/launch_scripts/xilinx_c-c++_application_(system_debugger)/system_debugger_using_debug_led_controller_test.elf_on_local.tcl'
13:02:00 INFO  : 'targets -set -filter {jtag_cable_name =~ "Xilinx TUL 1234-tulA" && level==0} -index 1' command is executed.
13:02:00 INFO  : 'fpga -state' command is executed.
13:02:00 INFO  : Connected to target on host '127.0.0.1' and port '3121'.
13:02:00 INFO  : Jtag cable 'Xilinx TUL 1234-tulA' is selected.
13:02:00 INFO  : 'jtag frequency' command is executed.
13:02:00 INFO  : Sourcing of '/home/carlos/Desktop/REPO/github/cpantel/TheZynqBook/pynq-z2/2018.2/exercise04/exercise04.sdk/led_test_system_wrapper_hw_platform_0/ps7_init.tcl' is done.
13:02:00 INFO  : Context for 'APU' is selected.
13:02:00 INFO  : Hardware design information is loaded from '/home/carlos/Desktop/REPO/github/cpantel/TheZynqBook/pynq-z2/2018.2/exercise04/exercise04.sdk/led_test_system_wrapper_hw_platform_0/system.hdf'.
13:02:00 INFO  : 'configparams force-mem-access 1' command is executed.
13:02:00 INFO  : Context for 'APU' is selected.
13:02:00 INFO  : 'stop' command is executed.
13:02:00 INFO  : 'ps7_init' command is executed.
13:02:00 INFO  : 'ps7_post_config' command is executed.
13:02:01 INFO  : Context for processor 'ps7_cortexa9_0' is selected.
13:02:01 INFO  : Processor reset is completed for 'ps7_cortexa9_0'.
13:02:01 INFO  : Context for processor 'ps7_cortexa9_0' is selected.
13:02:01 INFO  : The application '/home/carlos/Desktop/REPO/github/cpantel/TheZynqBook/pynq-z2/2018.2/exercise04/exercise04.sdk/led_controller_test/Debug/led_controller_test.elf' is downloaded to processor 'ps7_cortexa9_0'.
13:02:01 INFO  : 'configparams force-mem-access 0' command is executed.
13:02:01 INFO  : ----------------XSDB Script----------------
connect -url tcp:127.0.0.1:3121
source /home/carlos/Desktop/REPO/github/cpantel/TheZynqBook/pynq-z2/2018.2/exercise04/exercise04.sdk/led_test_system_wrapper_hw_platform_0/ps7_init.tcl
targets -set -nocase -filter {name =~"APU*" && jtag_cable_name =~ "Xilinx TUL 1234-tulA"} -index 0
loadhw -hw /home/carlos/Desktop/REPO/github/cpantel/TheZynqBook/pynq-z2/2018.2/exercise04/exercise04.sdk/led_test_system_wrapper_hw_platform_0/system.hdf -mem-ranges [list {0x40000000 0xbfffffff}]
configparams force-mem-access 1
targets -set -nocase -filter {name =~"APU*" && jtag_cable_name =~ "Xilinx TUL 1234-tulA"} -index 0
stop
ps7_init
ps7_post_config
targets -set -nocase -filter {name =~ "ARM*#0" && jtag_cable_name =~ "Xilinx TUL 1234-tulA"} -index 0
rst -processor
targets -set -nocase -filter {name =~ "ARM*#0" && jtag_cable_name =~ "Xilinx TUL 1234-tulA"} -index 0
dow /home/carlos/Desktop/REPO/github/cpantel/TheZynqBook/pynq-z2/2018.2/exercise04/exercise04.sdk/led_controller_test/Debug/led_controller_test.elf
configparams force-mem-access 0
----------------End of Script----------------

13:02:01 INFO  : Context for processor 'ps7_cortexa9_0' is selected.
13:02:01 INFO  : 'con' command is executed.
13:02:01 INFO  : ----------------XSDB Script (After Launch)----------------
targets -set -nocase -filter {name =~ "ARM*#0" && jtag_cable_name =~ "Xilinx TUL 1234-tulA"} -index 0
con
----------------End of Script----------------

13:02:01 INFO  : Disconnected from the channel tcfchan#1.
13:04:27 INFO  : Connected to target on host '127.0.0.1' and port '3121'.
13:04:27 INFO  : 'targets -set -filter {jtag_cable_name =~ "Xilinx TUL 1234-tulA" && level==0} -index 1' command is executed.
13:04:32 INFO  : FPGA configured successfully with bitstream "/home/carlos/Desktop/REPO/github/cpantel/TheZynqBook/pynq-z2/2018.2/exercise04/exercise04.sdk/led_test_system_wrapper_hw_platform_0/led_test_system_wrapper.bit"
13:04:47 INFO  : 'targets -set -filter {jtag_cable_name =~ "Xilinx TUL 1234-tulA" && level==0} -index 1' command is executed.
13:04:47 INFO  : 'fpga -state' command is executed.
13:04:47 INFO  : Connected to target on host '127.0.0.1' and port '3121'.
13:04:47 INFO  : Jtag cable 'Xilinx TUL 1234-tulA' is selected.
13:04:47 INFO  : 'jtag frequency' command is executed.
13:04:47 INFO  : Sourcing of '/home/carlos/Desktop/REPO/github/cpantel/TheZynqBook/pynq-z2/2018.2/exercise04/exercise04.sdk/led_test_system_wrapper_hw_platform_0/ps7_init.tcl' is done.
13:04:47 INFO  : Context for 'APU' is selected.
13:04:47 INFO  : Hardware design information is loaded from '/home/carlos/Desktop/REPO/github/cpantel/TheZynqBook/pynq-z2/2018.2/exercise04/exercise04.sdk/led_test_system_wrapper_hw_platform_0/system.hdf'.
13:04:47 INFO  : 'configparams force-mem-access 1' command is executed.
13:04:47 INFO  : Context for 'APU' is selected.
13:04:47 INFO  : 'stop' command is executed.
13:04:48 INFO  : 'ps7_init' command is executed.
13:04:48 INFO  : 'ps7_post_config' command is executed.
13:04:48 INFO  : Context for processor 'ps7_cortexa9_0' is selected.
13:04:48 INFO  : Processor reset is completed for 'ps7_cortexa9_0'.
13:04:48 INFO  : Context for processor 'ps7_cortexa9_0' is selected.
13:04:48 INFO  : The application '/home/carlos/Desktop/REPO/github/cpantel/TheZynqBook/pynq-z2/2018.2/exercise04/exercise04.sdk/led_controller_test/Debug/led_controller_test.elf' is downloaded to processor 'ps7_cortexa9_0'.
13:04:48 INFO  : 'configparams force-mem-access 0' command is executed.
13:04:48 INFO  : ----------------XSDB Script----------------
connect -url tcp:127.0.0.1:3121
source /home/carlos/Desktop/REPO/github/cpantel/TheZynqBook/pynq-z2/2018.2/exercise04/exercise04.sdk/led_test_system_wrapper_hw_platform_0/ps7_init.tcl
targets -set -nocase -filter {name =~"APU*" && jtag_cable_name =~ "Xilinx TUL 1234-tulA"} -index 0
loadhw -hw /home/carlos/Desktop/REPO/github/cpantel/TheZynqBook/pynq-z2/2018.2/exercise04/exercise04.sdk/led_test_system_wrapper_hw_platform_0/system.hdf -mem-ranges [list {0x40000000 0xbfffffff}]
configparams force-mem-access 1
targets -set -nocase -filter {name =~"APU*" && jtag_cable_name =~ "Xilinx TUL 1234-tulA"} -index 0
stop
ps7_init
ps7_post_config
targets -set -nocase -filter {name =~ "ARM*#0" && jtag_cable_name =~ "Xilinx TUL 1234-tulA"} -index 0
rst -processor
targets -set -nocase -filter {name =~ "ARM*#0" && jtag_cable_name =~ "Xilinx TUL 1234-tulA"} -index 0
dow /home/carlos/Desktop/REPO/github/cpantel/TheZynqBook/pynq-z2/2018.2/exercise04/exercise04.sdk/led_controller_test/Debug/led_controller_test.elf
configparams force-mem-access 0
----------------End of Script----------------

13:04:48 INFO  : Context for processor 'ps7_cortexa9_0' is selected.
13:04:48 INFO  : 'con' command is executed.
13:04:48 INFO  : ----------------XSDB Script (After Launch)----------------
targets -set -nocase -filter {name =~ "ARM*#0" && jtag_cable_name =~ "Xilinx TUL 1234-tulA"} -index 0
con
----------------End of Script----------------

13:04:48 INFO  : Disconnected from the channel tcfchan#2.
13:05:21 WARN  : channel "tcfchan#1" closed
13:05:22 INFO  : 'targets -set -filter {jtag_cable_name =~ "Xilinx TUL 1234-tulA" && level==0} -index 1' command is executed.
13:05:22 INFO  : 'fpga -state' command is executed.
13:05:22 INFO  : Connected to target on host '127.0.0.1' and port '3121'.
13:05:22 INFO  : Jtag cable 'Xilinx TUL 1234-tulA' is selected.
13:05:22 INFO  : 'jtag frequency' command is executed.
13:05:22 INFO  : Sourcing of '/home/carlos/Desktop/REPO/github/cpantel/TheZynqBook/pynq-z2/2018.2/exercise04/exercise04.sdk/led_test_system_wrapper_hw_platform_0/ps7_init.tcl' is done.
13:05:22 INFO  : Context for 'APU' is selected.
13:05:22 INFO  : Hardware design information is loaded from '/home/carlos/Desktop/REPO/github/cpantel/TheZynqBook/pynq-z2/2018.2/exercise04/exercise04.sdk/led_test_system_wrapper_hw_platform_0/system.hdf'.
13:05:22 INFO  : 'configparams force-mem-access 1' command is executed.
13:05:22 INFO  : Context for 'APU' is selected.
13:05:22 INFO  : 'stop' command is executed.
13:05:23 INFO  : 'ps7_init' command is executed.
13:05:23 INFO  : 'ps7_post_config' command is executed.
13:05:23 INFO  : Context for processor 'ps7_cortexa9_0' is selected.
13:05:23 INFO  : Processor reset is completed for 'ps7_cortexa9_0'.
13:05:23 INFO  : Context for processor 'ps7_cortexa9_0' is selected.
13:05:23 INFO  : The application '/home/carlos/Desktop/REPO/github/cpantel/TheZynqBook/pynq-z2/2018.2/exercise04/exercise04.sdk/led_controller_test/Debug/led_controller_test.elf' is downloaded to processor 'ps7_cortexa9_0'.
13:05:23 INFO  : 'configparams force-mem-access 0' command is executed.
13:05:23 INFO  : ----------------XSDB Script----------------
connect -url tcp:127.0.0.1:3121
source /home/carlos/Desktop/REPO/github/cpantel/TheZynqBook/pynq-z2/2018.2/exercise04/exercise04.sdk/led_test_system_wrapper_hw_platform_0/ps7_init.tcl
targets -set -nocase -filter {name =~"APU*" && jtag_cable_name =~ "Xilinx TUL 1234-tulA"} -index 0
loadhw -hw /home/carlos/Desktop/REPO/github/cpantel/TheZynqBook/pynq-z2/2018.2/exercise04/exercise04.sdk/led_test_system_wrapper_hw_platform_0/system.hdf -mem-ranges [list {0x40000000 0xbfffffff}]
configparams force-mem-access 1
targets -set -nocase -filter {name =~"APU*" && jtag_cable_name =~ "Xilinx TUL 1234-tulA"} -index 0
stop
ps7_init
ps7_post_config
targets -set -nocase -filter {name =~ "ARM*#0" && jtag_cable_name =~ "Xilinx TUL 1234-tulA"} -index 0
rst -processor
targets -set -nocase -filter {name =~ "ARM*#0" && jtag_cable_name =~ "Xilinx TUL 1234-tulA"} -index 0
dow /home/carlos/Desktop/REPO/github/cpantel/TheZynqBook/pynq-z2/2018.2/exercise04/exercise04.sdk/led_controller_test/Debug/led_controller_test.elf
configparams force-mem-access 0
----------------End of Script----------------

13:05:23 INFO  : Memory regions updated for context APU
13:05:23 INFO  : Context for processor 'ps7_cortexa9_0' is selected.
13:05:23 INFO  : 'con' command is executed.
13:05:23 INFO  : ----------------XSDB Script (After Launch)----------------
targets -set -nocase -filter {name =~ "ARM*#0" && jtag_cable_name =~ "Xilinx TUL 1234-tulA"} -index 0
con
----------------End of Script----------------

13:05:23 INFO  : Launch script is exported to file '/home/carlos/Desktop/REPO/github/cpantel/TheZynqBook/pynq-z2/2018.2/exercise04/exercise04.sdk/.sdk/launch_scripts/xilinx_c-c++_application_(system_debugger)/system_debugger_using_debug_led_controller_test.elf_on_local.tcl'
13:05:46 INFO  : 'targets -set -filter {jtag_cable_name =~ "Xilinx TUL 1234-tulA" && level==0} -index 1' command is executed.
13:05:46 INFO  : 'fpga -state' command is executed.
13:05:46 INFO  : Connected to target on host '127.0.0.1' and port '3121'.
13:05:46 INFO  : Jtag cable 'Xilinx TUL 1234-tulA' is selected.
13:05:46 INFO  : 'jtag frequency' command is executed.
13:05:46 INFO  : Sourcing of '/home/carlos/Desktop/REPO/github/cpantel/TheZynqBook/pynq-z2/2018.2/exercise04/exercise04.sdk/led_test_system_wrapper_hw_platform_0/ps7_init.tcl' is done.
13:05:46 INFO  : Context for 'APU' is selected.
13:05:46 INFO  : Hardware design information is loaded from '/home/carlos/Desktop/REPO/github/cpantel/TheZynqBook/pynq-z2/2018.2/exercise04/exercise04.sdk/led_test_system_wrapper_hw_platform_0/system.hdf'.
13:05:46 INFO  : 'configparams force-mem-access 1' command is executed.
13:05:47 INFO  : Context for 'APU' is selected.
13:05:47 INFO  : 'stop' command is executed.
13:05:47 INFO  : 'ps7_init' command is executed.
13:05:47 INFO  : 'ps7_post_config' command is executed.
13:05:47 INFO  : Context for processor 'ps7_cortexa9_0' is selected.
13:05:47 INFO  : Processor reset is completed for 'ps7_cortexa9_0'.
13:05:47 INFO  : Context for processor 'ps7_cortexa9_0' is selected.
13:05:47 INFO  : The application '/home/carlos/Desktop/REPO/github/cpantel/TheZynqBook/pynq-z2/2018.2/exercise04/exercise04.sdk/led_controller_test/Debug/led_controller_test.elf' is downloaded to processor 'ps7_cortexa9_0'.
13:05:47 INFO  : 'configparams force-mem-access 0' command is executed.
13:05:47 INFO  : ----------------XSDB Script----------------
connect -url tcp:127.0.0.1:3121
source /home/carlos/Desktop/REPO/github/cpantel/TheZynqBook/pynq-z2/2018.2/exercise04/exercise04.sdk/led_test_system_wrapper_hw_platform_0/ps7_init.tcl
targets -set -nocase -filter {name =~"APU*" && jtag_cable_name =~ "Xilinx TUL 1234-tulA"} -index 0
loadhw -hw /home/carlos/Desktop/REPO/github/cpantel/TheZynqBook/pynq-z2/2018.2/exercise04/exercise04.sdk/led_test_system_wrapper_hw_platform_0/system.hdf -mem-ranges [list {0x40000000 0xbfffffff}]
configparams force-mem-access 1
targets -set -nocase -filter {name =~"APU*" && jtag_cable_name =~ "Xilinx TUL 1234-tulA"} -index 0
stop
ps7_init
ps7_post_config
targets -set -nocase -filter {name =~ "ARM*#0" && jtag_cable_name =~ "Xilinx TUL 1234-tulA"} -index 0
rst -processor
targets -set -nocase -filter {name =~ "ARM*#0" && jtag_cable_name =~ "Xilinx TUL 1234-tulA"} -index 0
dow /home/carlos/Desktop/REPO/github/cpantel/TheZynqBook/pynq-z2/2018.2/exercise04/exercise04.sdk/led_controller_test/Debug/led_controller_test.elf
configparams force-mem-access 0
----------------End of Script----------------

13:05:47 INFO  : Context for processor 'ps7_cortexa9_0' is selected.
13:05:47 INFO  : 'con' command is executed.
13:05:47 INFO  : ----------------XSDB Script (After Launch)----------------
targets -set -nocase -filter {name =~ "ARM*#0" && jtag_cable_name =~ "Xilinx TUL 1234-tulA"} -index 0
con
----------------End of Script----------------

13:05:47 INFO  : Disconnected from the channel tcfchan#3.
13:07:04 WARN  : channel "tcfchan#3" closed
