#-----------------------------------------------------------
# Webtalk v2015.4 (64-bit)
# SW Build 1412921 on Wed Nov 18 09:44:32 MST 2015
# 
# Start of session at: Tue Dec 24 10:43:31 2019
# Process ID: 12349
# Current directory: /home/carlos/Desktop/REPO/github/cpantel/TheZynqBook/Exercise01/Exercise01.sdk/webtalk
# Command line: wbtcv -mode batch -source sdk_webtalk.tcl
# Log file: /home/carlos/Desktop/REPO/github/cpantel/TheZynqBook/Exercise01/Exercise01.sdk/webtalk/webtalk.log
# Journal file: /home/carlos/Desktop/REPO/github/cpantel/TheZynqBook/Exercise01/Exercise01.sdk/webtalk/webtalk.jou
#-----------------------------------------------------------
source sdk_webtalk.tcl
# webtalk_init -webtalk_dir /home/carlos/Desktop/REPO/github/cpantel/TheZynqBook/Exercise01/Exercise01.sdk/webtalk
# webtalk_register_client -client project
# webtalk_add_data -client project -key date_generated -value "Tue Dec 24 10:43:30 2019" -context "software_version_and_target_device"
# webtalk_add_data -client project -key product_version -value "SDK v2015.4" -context "software_version_and_target_device"
# webtalk_add_data -client project -key build_version -value "2015.4" -context "software_version_and_target_device"
# webtalk_add_data -client project -key os_platform -value "amd64" -context "software_version_and_target_device"
# webtalk_add_data -client project -key registration_id -value "" -context "software_version_and_target_device"
# webtalk_add_data -client project -key tool_flow -value "SDK" -context "software_version_and_target_device"
# webtalk_add_data -client project -key beta -value "false" -context "software_version_and_target_device"
# webtalk_add_data -client project -key route_design -value "NA" -context "software_version_and_target_device"
# webtalk_add_data -client project -key target_family -value "NA" -context "software_version_and_target_device"
# webtalk_add_data -client project -key target_device -value "NA" -context "software_version_and_target_device"
# webtalk_add_data -client project -key target_package -value "NA" -context "software_version_and_target_device"
# webtalk_add_data -client project -key target_speed -value "NA" -context "software_version_and_target_device"
# webtalk_add_data -client project -key random_id -value "qtgdr8kqr2clbamd0jmbklcjfm" -context "software_version_and_target_device"
# webtalk_add_data -client project -key project_id -value "2015.4_2" -context "software_version_and_target_device"
# webtalk_add_data -client project -key project_iteration -value "2" -context "software_version_and_target_device"
# webtalk_add_data -client project -key os_name -value "" -context "user_environment"
# webtalk_add_data -client project -key os_release -value "" -context "user_environment"
# webtalk_add_data -client project -key cpu_name -value "" -context "user_environment"
# webtalk_add_data -client project -key cpu_speed -value "" -context "user_environment"
# webtalk_add_data -client project -key total_processors -value "" -context "user_environment"
# webtalk_add_data -client project -key system_ram -value "" -context "user_environment"
# webtalk_register_client -client sdk
# webtalk_add_data -client sdk -key uid -value "1577194292000" -context "sdk\\\\bsp/1577194292000"
# webtalk_add_data -client sdk -key hwid -value "1577191329000" -context "sdk\\\\bsp/1577194292000"
# webtalk_add_data -client sdk -key os -value "standalone" -context "sdk\\\\bsp/1577194292000"
# webtalk_add_data -client sdk -key apptemplate -value "empty_application" -context "sdk\\\\bsp/1577194292000"
# webtalk_add_data -client sdk -key uid -value "1577194293000" -context "sdk\\\\application/1577194293000"
# webtalk_add_data -client sdk -key hwid -value "1577191329000" -context "sdk\\\\application/1577194293000"
# webtalk_add_data -client sdk -key bspid -value "1577194292000" -context "sdk\\\\application/1577194293000"
# webtalk_add_data -client sdk -key newbsp -value "true" -context "sdk\\\\application/1577194293000"
# webtalk_add_data -client sdk -key os -value "standalone" -context "sdk\\\\application/1577194293000"
# webtalk_add_data -client sdk -key apptemplate -value "empty_application" -context "sdk\\\\application/1577194293000"
# webtalk_transmit -clientid 1445159397 -regid "" -xml /home/carlos/Desktop/REPO/github/cpantel/TheZynqBook/Exercise01/Exercise01.sdk/webtalk/usage_statistics_ext_sdk.xml -html /home/carlos/Desktop/REPO/github/cpantel/TheZynqBook/Exercise01/Exercise01.sdk/webtalk/usage_statistics_ext_sdk.html -wdm /home/carlos/Desktop/REPO/github/cpantel/TheZynqBook/Exercise01/Exercise01.sdk/webtalk/sdk_webtalk.wdm -intro "<H3>SDK Usage Report</H3><BR>"
# webtalk_terminate
INFO: [Common 17-206] Exiting Webtalk at Tue Dec 24 10:43:31 2019...
