INFO-FLOW: Workspace /home/carlos/Desktop/REPO/github/cpantel/TheZynqBook/pynq-z2/2018.2/exercise04c/solution1 opened at Sun Dec 29 13:38:18 -03 2019
Execute     config_clock -quiet -name default -period 10 -default=false 
INFO: [SYN 201-201] Setting up clock 'default' with a period of 10ns.
Execute     open_platform DefaultPlatform 
Execute     import_lib /home/carlos/Xilinx/Vivado/2018.2/common/technology/xilinx/zynq/zynq 
Execute       source /home/carlos/Xilinx/Vivado/2018.2/common/technology/xilinx/common/xilinx.lib 
Execute         source /home/carlos/Xilinx/Vivado/2018.2/common/technology/xilinx/interface/xilinx_interface.lib 
Execute           source /home/carlos/Xilinx/Vivado/2018.2/common/technology/xilinx/interface/plb46.lib 
Execute           source /home/carlos/Xilinx/Vivado/2018.2/common/technology/xilinx/interface/fsl.lib 
Execute           source /home/carlos/Xilinx/Vivado/2018.2/common/technology/xilinx/interface/axi4.lib 
Execute           source /home/carlos/Xilinx/Vivado/2018.2/common/technology/xilinx/interface/maxi.lib 
Execute           source /home/carlos/Xilinx/Vivado/2018.2/common/technology/xilinx/interface/saxilite.lib 
Execute         source /home/carlos/Xilinx/Vivado/2018.2/common/technology/xilinx/common/dsp48.lib 
Execute         source /home/carlos/Xilinx/Vivado/2018.2/common/technology/xilinx/ip/xfft.lib 
Execute         source /home/carlos/Xilinx/Vivado/2018.2/common/technology/xilinx/ip/xfir.lib 
Execute         source /home/carlos/Xilinx/Vivado/2018.2/common/technology/xilinx/ip/dds_compiler.lib 
Execute       source /home/carlos/Xilinx/Vivado/2018.2/common/technology/xilinx/common/xilinx_old.lib 
Execute       source /home/carlos/Xilinx/Vivado/2018.2/common/technology/xilinx/common/xilinx_vivado.lib 
Execute       source /home/carlos/Xilinx/Vivado/2018.2/common/technology/xilinx/common/xilinx.hlp 
Execute         source /home/carlos/Xilinx/Vivado/2018.2/common/technology/xilinx/common/target_info.tcl 
Execute         source /home/carlos/Xilinx/Vivado/2018.2/common/technology/xilinx/interface/xilinx_interface.hlp 
Execute           source /home/carlos/Xilinx/Vivado/2018.2/common/technology/xilinx/interface/maxi.hlp 
Execute           source /home/carlos/Xilinx/Vivado/2018.2/common/technology/xilinx/interface/saxilite.hlp 
Execute         source /home/carlos/Xilinx/Vivado/2018.2/common/technology/xilinx/common/dsp48.hlp 
Execute       source /home/carlos/Xilinx/Vivado/2018.2/common/technology/xilinx/zynq/dsp48e1.hlp 
Execute       get_default_platform 
Execute       config_chip_info -quiet -resource  {SLICE 13300}  {LUT 53200}     {FF 106400} {DSP48E 220}   {BRAM 280}  
Execute       config_chip_info -quiet -speed medium 
Execute       source /home/carlos/Xilinx/Vivado/2018.2/common/technology/xilinx/common/xilinx.hlp 
Execute         source /home/carlos/Xilinx/Vivado/2018.2/common/technology/xilinx/common/target_info.tcl 
Execute         source /home/carlos/Xilinx/Vivado/2018.2/common/technology/xilinx/interface/xilinx_interface.hlp 
Execute           source /home/carlos/Xilinx/Vivado/2018.2/common/technology/xilinx/interface/maxi.hlp 
Execute           source /home/carlos/Xilinx/Vivado/2018.2/common/technology/xilinx/interface/saxilite.hlp 
Execute         source /home/carlos/Xilinx/Vivado/2018.2/common/technology/xilinx/common/dsp48.hlp 
Execute     source /home/carlos/Xilinx/Vivado/2018.2/common/technology/xilinx/zynq/zynq.gen 
Execute       source /home/carlos/Xilinx/Vivado/2018.2/common/technology/xilinx/common/virtex.gen 
Execute         source /home/carlos/Xilinx/Vivado/2018.2/common/technology/xilinx/common/xilinx.gen 
Execute           source /home/carlos/Xilinx/Vivado/2018.2/common/technology/xilinx/interface/plb46.gen 
Execute           source /home/carlos/Xilinx/Vivado/2018.2/common/technology/xilinx/interface/fsl.gen 
Execute           source /home/carlos/Xilinx/Vivado/2018.2/common/technology/xilinx/interface/axi4.gen 
Execute           source /home/carlos/Xilinx/Vivado/2018.2/common/technology/xilinx/interface/nativeAXI4.gen 
Execute             source /home/carlos/Xilinx/Vivado/2018.2/common/technology/xilinx/interface/saxilite.gen 
Execute             source /home/carlos/Xilinx/Vivado/2018.2/common/technology/xilinx/interface/maxi.gen 
Execute           source /home/carlos/Xilinx/Vivado/2018.2/common/technology/xilinx/scripts/xilinxcoregen.gen 
Execute           source /home/carlos/Xilinx/Vivado/2018.2/common/technology/xilinx/interface/XilEDKCoreGen.gen 
Execute           source /home/carlos/Xilinx/Vivado/2018.2/common/technology/xilinx/ip/dds_compiler.gen 
Execute           source /home/carlos/Xilinx/Vivado/2018.2/common/technology/xilinx/ip/util.gen 
Execute           source /home/carlos/Xilinx/Vivado/2018.2/common/technology/xilinx/ip/xfft.gen 
Command           ap_source done; 0.13 sec.
Execute           source /home/carlos/Xilinx/Vivado/2018.2/common/technology/xilinx/ip/xfir.gen 
Command         ap_source done; 0.17 sec.
Execute         source /home/carlos/Xilinx/Vivado/2018.2/common/technology/xilinx/common/dsp48.gen 
Command       ap_source done; 0.17 sec.
Command     ap_source done; 0.17 sec.
Execute     open_platform DefaultPlatform 
Execute     import_lib /home/carlos/Xilinx/Vivado/2018.2/common/technology/xilinx/zynq/zynq_fpv6 
Execute       source /home/carlos/Xilinx/Vivado/2018.2/common/technology/xilinx/common/xilinx_fpv7.lib 
Execute         source /home/carlos/Xilinx/Vivado/2018.2/common/technology/xilinx/common/xilinx_hp.lib 
Execute       source /home/carlos/Xilinx/Vivado/2018.2/common/technology/xilinx/common/xilinx_fpv.hlp 
Execute         source /home/carlos/Xilinx/Vivado/2018.2/common/technology/xilinx/common/xilinx.hlp 
Execute           source /home/carlos/Xilinx/Vivado/2018.2/common/technology/xilinx/common/target_info.tcl 
Execute           source /home/carlos/Xilinx/Vivado/2018.2/common/technology/xilinx/interface/xilinx_interface.hlp 
Execute             source /home/carlos/Xilinx/Vivado/2018.2/common/technology/xilinx/interface/maxi.hlp 
Execute             source /home/carlos/Xilinx/Vivado/2018.2/common/technology/xilinx/interface/saxilite.hlp 
Execute           source /home/carlos/Xilinx/Vivado/2018.2/common/technology/xilinx/common/dsp48.hlp 
Execute       source /home/carlos/Xilinx/Vivado/2018.2/common/technology/xilinx/zynq/zynq_hp.hlp 
Execute     source /home/carlos/Xilinx/Vivado/2018.2/common/technology/xilinx/zynq/zynq_fpv6.gen 
Execute       source /home/carlos/Xilinx/Vivado/2018.2/common/technology/xilinx/common/xilinx_fpv6.gen 
Execute     set_part xc7z020clg400-1 
Execute       add_library xilinx/zynq/zynq:xc7z020:clg400:-1 
Execute         get_default_platform 
Execute         license_isbetapart xc7z020 
Command         license_isbetapart done; error code: 1; 
Execute         get_default_platform 
Execute         config_chip_info -quiet -resource  {SLICE 13300}  {LUT 53200}     {FF 106400} {DSP48E 220}   {BRAM 280}  
Execute         config_chip_info -quiet -speed slow 
Execute       add_library xilinx/zynq/zynq_fpv6 
Execute         get_default_platform 
INFO: [HLS 200-10] Setting target device to 'xc7z020clg400-1'
Execute       get_default_platform 
Execute     get_default_platform 
Execute     config_chip_info -quiet -resource  {SLICE 13300}  {LUT 53200}     {FF 106400} {DSP48E 220}   {BRAM 280}  
Execute     config_chip_info -quiet -speed slow 
Command   open_solution done; 0.31 sec.
Execute   set_part xc7z020clg400-1 -tool vivado 
Execute     add_library xilinx/zynq/zynq:xc7z020:clg400:-1 
Execute       get_default_platform 
Execute       license_isbetapart xc7z020 
Command       license_isbetapart done; error code: 1; 
Execute       get_default_platform 
Execute       config_chip_info -quiet -resource  {SLICE 13300}  {LUT 53200}     {FF 106400} {DSP48E 220}   {BRAM 280}  
Execute       config_chip_info -quiet -speed slow 
Execute     add_library xilinx/zynq/zynq_fpv6 
Execute       get_default_platform 
Execute     get_default_platform 
Execute   create_clock -period 10 -name default 
Execute     config_clock -quiet -name default -period 10 -default=false 
INFO: [SYN 201-201] Setting up clock 'default' with a period of 10ns.
Execute   source ./exercise04c/solution1/directives.tcl 
Execute     set_directive_interface -mode s_axilite nco 
INFO-FLOW: Setting directive 'INTERFACE' s_axilite=positionBoolean0mode port=positionBooleanTextRequiredreturn 
Execute     set_directive_interface -mode ap_ctrl_none nco 
INFO-FLOW: Setting directive 'INTERFACE' s_axilite=positionBoolean0mode port=positionBooleanTextRequiredreturn 
INFO-FLOW: Setting directive 'INTERFACE' ap_ctrl_none=positionBoolean0mode port=positionBooleanTextRequiredreturn 
Execute     set_directive_interface -mode s_axilite nco sine_sample 
INFO-FLOW: Setting directive 'INTERFACE' s_axilite=positionBoolean0mode port=positionBooleanTextRequiredreturn 
INFO-FLOW: Setting directive 'INTERFACE' ap_ctrl_none=positionBoolean0mode port=positionBooleanTextRequiredreturn 
INFO-FLOW: Setting directive 'INTERFACE' s_axilite=positionBoolean0mode port=positionBooleanTextRequiredsine_sample 
Execute     set_directive_interface -mode s_axilite nco step_size 
INFO-FLOW: Setting directive 'INTERFACE' s_axilite=positionBoolean0mode port=positionBooleanTextRequiredreturn 
INFO-FLOW: Setting directive 'INTERFACE' ap_ctrl_none=positionBoolean0mode port=positionBooleanTextRequiredreturn 
INFO-FLOW: Setting directive 'INTERFACE' s_axilite=positionBoolean0mode port=positionBooleanTextRequiredsine_sample 
INFO-FLOW: Setting directive 'INTERFACE' s_axilite=positionBoolean0mode port=positionBooleanTextRequiredstep_size 
Execute   csynth_design 
Execute     get_config_compile -effort 
Execute     get_config_compile -enable_clang39 
Execute     get_config_compile -g 
Execute     get_config_compile -lm 
Execute     get_config_compile -ng 
Execute     get_config_compile -opt_fp 
Execute     get_config_compile -skip_cdt 
Execute     get_config_compile -skip_syncheck 
Execute     get_config_compile -skip_transform 
Execute     get_config_compile -keep_printf 
Execute     elaborate -effort=medium -skip_syncheck=0 -keep_printf=0 -lm=0 -skip_cdt=0 -skip_transform=0 -ng=0 -g=0 -opt_fp=0 -from_csynth_design=1 
Execute       get_config_schedule -relax_ii_for_timing 
Execute       get_config_schedule -suppress_dependence_error_break 
INFO: [HLS 200-10] Analyzing design file '../../../../../../PlanDeEstudios2018/ZYNQ/sources/hls_nco/nco.cpp' ... 
INFO-FLOW: Compiling one TU...
Execute       is_m_axi_addr64 
INFO-FLOW: Handling ../../../../../../PlanDeEstudios2018/ZYNQ/sources/hls_nco/nco.cpp as C++
Execute       get_default_platform 
Execute       is_encrypted ../../../../../../PlanDeEstudios2018/ZYNQ/sources/hls_nco/nco.cpp 
Execute       get_default_platform 
INFO-FLOW: Source preprocessing
Execute       clang  -fno-limit-debug-info -gcc-toolchain "/home/carlos/Xilinx/Vivado/2018.2/lnx64/tools/gcc" -hls  -fno-exceptions  -D__llvm__  -E "../../../../../../PlanDeEstudios2018/ZYNQ/sources/hls_nco/nco.cpp"     -fno-math-errno -c -emit-llvm -O0  -mllvm -disable-llvm-optzns -fno-threadsafe-statics  -fno-use-cxa-atexit  -fno-threadsafe-statics -fno-use-cxa-atexit -D__CLANG_3_1__ -DAESL_SYN -D__SYNTHESIS__ -D__HLS_SYN__ -I "/home/carlos/Xilinx/Vivado/2018.2/common/technology/autopilot" -I "/home/carlos/Xilinx/Vivado/2018.2/common/technology/autopilot/ap_sysc" -include etc/autopilot_ssdm_op.h -D__DSP48E1__  -o "/home/carlos/Desktop/REPO/github/cpantel/TheZynqBook/pynq-z2/2018.2/exercise04c/solution1/.autopilot/db/nco.pp.0.cpp" 
INFO-FLOW: exec /home/carlos/Xilinx/Vivado/2018.2/lnx64/tools/clang/bin/clang -fno-limit-debug-info -gcc-toolchain /home/carlos/Xilinx/Vivado/2018.2/lnx64/tools/gcc -hls -fno-exceptions -D__llvm__ -E ../../../../../../PlanDeEstudios2018/ZYNQ/sources/hls_nco/nco.cpp -fno-math-errno -c -emit-llvm -O0 -mllvm -disable-llvm-optzns -fno-threadsafe-statics -fno-use-cxa-atexit -fno-threadsafe-statics -fno-use-cxa-atexit -D__CLANG_3_1__ -DAESL_SYN -D__SYNTHESIS__ -D__HLS_SYN__ -I /home/carlos/Xilinx/Vivado/2018.2/common/technology/autopilot -I /home/carlos/Xilinx/Vivado/2018.2/common/technology/autopilot/ap_sysc -include etc/autopilot_ssdm_op.h -D__DSP48E1__ -o /home/carlos/Desktop/REPO/github/cpantel/TheZynqBook/pynq-z2/2018.2/exercise04c/solution1/.autopilot/db/nco.pp.0.cpp
Command       clang done; 3.01 sec.
INFO-FLOW: Syntax Checking before pre-processing...
Execute       clang  -fno-limit-debug-info -gcc-toolchain "/home/carlos/Xilinx/Vivado/2018.2/lnx64/tools/gcc" -hls    -fno-math-errno -c -emit-llvm -O0  -mllvm -disable-llvm-optzns -fno-threadsafe-statics  -fno-use-cxa-atexit  -fno-threadsafe-statics -fno-use-cxa-atexit -D__CLANG_3_1__ -DAESL_SYN -D__SYNTHESIS__ -D__HLS_SYN__ -I "/home/carlos/Xilinx/Vivado/2018.2/common/technology/autopilot" -I "/home/carlos/Xilinx/Vivado/2018.2/common/technology/autopilot/ap_sysc" -include etc/autopilot_ssdm_op.h -D__DSP48E1__  "/home/carlos/Desktop/REPO/github/cpantel/TheZynqBook/pynq-z2/2018.2/exercise04c/solution1/.autopilot/db/nco.pp.0.cpp"  -o "/home/carlos/Desktop/REPO/github/cpantel/TheZynqBook/pynq-z2/2018.2/exercise04c/solution1/.autopilot/db/useless.bc"  
INFO-FLOW: exec /home/carlos/Xilinx/Vivado/2018.2/lnx64/tools/clang/bin/clang -fno-limit-debug-info -gcc-toolchain /home/carlos/Xilinx/Vivado/2018.2/lnx64/tools/gcc -hls -fno-math-errno -c -emit-llvm -O0 -mllvm -disable-llvm-optzns -fno-threadsafe-statics -fno-use-cxa-atexit -fno-threadsafe-statics -fno-use-cxa-atexit -D__CLANG_3_1__ -DAESL_SYN -D__SYNTHESIS__ -D__HLS_SYN__ -I /home/carlos/Xilinx/Vivado/2018.2/common/technology/autopilot -I /home/carlos/Xilinx/Vivado/2018.2/common/technology/autopilot/ap_sysc -include etc/autopilot_ssdm_op.h -D__DSP48E1__ /home/carlos/Desktop/REPO/github/cpantel/TheZynqBook/pynq-z2/2018.2/exercise04c/solution1/.autopilot/db/nco.pp.0.cpp -o /home/carlos/Desktop/REPO/github/cpantel/TheZynqBook/pynq-z2/2018.2/exercise04c/solution1/.autopilot/db/useless.bc
Command       clang done; 3.2 sec.
INFO-FLOW: GCC PP time: 6 seconds per iteration
INFO-FLOW: Setting directive 'INTERFACE' s_axilite=positionBoolean0mode port=positionBooleanTextRequiredreturn 
INFO-FLOW: Setting directive 'INTERFACE' ap_ctrl_none=positionBoolean0mode port=positionBooleanTextRequiredreturn 
INFO-FLOW: Setting directive 'INTERFACE' s_axilite=positionBoolean0mode port=positionBooleanTextRequiredsine_sample 
INFO-FLOW: Setting directive 'INTERFACE' s_axilite=positionBoolean0mode port=positionBooleanTextRequiredstep_size 
INFO-FLOW: Setting directive 'INTERFACE' s_axilite=positionBoolean0mode port=positionBooleanTextRequiredreturn 
INFO-FLOW: Setting directive 'INTERFACE' ap_ctrl_none=positionBoolean0mode port=positionBooleanTextRequiredreturn 
INFO-FLOW: Setting directive 'INTERFACE' s_axilite=positionBoolean0mode port=positionBooleanTextRequiredsine_sample 
INFO-FLOW: Setting directive 'INTERFACE' s_axilite=positionBoolean0mode port=positionBooleanTextRequiredstep_size 
Execute       list_core -type functional_unit 
Execute       tidy_31 xilinx-systemc-detector /home/carlos/Desktop/REPO/github/cpantel/TheZynqBook/pynq-z2/2018.2/exercise04c/solution1/.autopilot/db/nco.pp.0.cpp std=gnu++98 -directive=/home/carlos/Desktop/REPO/github/cpantel/TheZynqBook/pynq-z2/2018.2/exercise04c/solution1/.autopilot/db/.systemc_flag 
INFO-FLOW: exec /home/carlos/Xilinx/Vivado/2018.2/lnx64/tools/clang-3.9-csynth/bin/tidy-3.1 -header-filter=.* --checks=-*,xilinx-systemc-detector -import-directive=/home/carlos/Desktop/REPO/github/cpantel/TheZynqBook/pynq-z2/2018.2/exercise04c/solution1/.autopilot/db/.systemc_flag -quiet -fix-errors /home/carlos/Desktop/REPO/github/cpantel/TheZynqBook/pynq-z2/2018.2/exercise04c/solution1/.autopilot/db/nco.pp.0.cpp -- -std=gnu++98 -fhls -ferror-limit=0
Command       tidy_31 done; 2.2 sec.
INFO-FLOW: CDT Preprocessing with tidy-3.1...
Execute       tidy_31 xilinx-directive2pragma /home/carlos/Desktop/REPO/github/cpantel/TheZynqBook/pynq-z2/2018.2/exercise04c/solution1/.autopilot/db/nco.pp.0.cpp std=gnu++98 -directive=/home/carlos/Desktop/REPO/github/cpantel/TheZynqBook/pynq-z2/2018.2/exercise04c/solution1/solution1.json 
INFO-FLOW: exec /home/carlos/Xilinx/Vivado/2018.2/lnx64/tools/clang-3.9-csynth/bin/tidy-3.1 -header-filter=.* --checks=-*,xilinx-directive2pragma -import-directive=/home/carlos/Desktop/REPO/github/cpantel/TheZynqBook/pynq-z2/2018.2/exercise04c/solution1/solution1.json -quiet -fix-errors /home/carlos/Desktop/REPO/github/cpantel/TheZynqBook/pynq-z2/2018.2/exercise04c/solution1/.autopilot/db/nco.pp.0.cpp -- -std=gnu++98 -fhls -ferror-limit=0
Command       tidy_31 done; 2.5 sec.
Execute       get_config_dataflow -strict_mode 
Execute       ap_eval exec -ignorestderr /home/carlos/Xilinx/Vivado/2018.2/lnx64/tools/clang-3.9-csynth/bin/xilinx-dataflow-lawyer -export-fixes=/home/carlos/Desktop/REPO/github/cpantel/TheZynqBook/pynq-z2/2018.2/exercise04c/solution1/.autopilot/db/xilinx-dataflow-lawyer.nco.pp.0.cpp.diag.yml /home/carlos/Desktop/REPO/github/cpantel/TheZynqBook/pynq-z2/2018.2/exercise04c/solution1/.autopilot/db/nco.pp.0.cpp -- -std=gnu++98 -fhls -ferror-limit=0 -fstrict-dataflow > /home/carlos/Desktop/REPO/github/cpantel/TheZynqBook/pynq-z2/2018.2/exercise04c/solution1/.autopilot/db/xilinx-dataflow-lawyer.nco.pp.0.cpp.out.log 2> /home/carlos/Desktop/REPO/github/cpantel/TheZynqBook/pynq-z2/2018.2/exercise04c/solution1/.autopilot/db/xilinx-dataflow-lawyer.nco.pp.0.cpp.err.log 
Command       ap_eval done; 1.47 sec.
Execute       tidy_31 -errorcheck xilinx-constantarray-param,xilinx-resource-pragma-transformer /home/carlos/Desktop/REPO/github/cpantel/TheZynqBook/pynq-z2/2018.2/exercise04c/solution1/.autopilot/db/nco.pp.0.cpp std=gnu++98 
INFO-FLOW: exec /home/carlos/Xilinx/Vivado/2018.2/lnx64/tools/clang-3.9-csynth/bin/tidy-3.1 -header-filter=.* --checks=-*,xilinx-constantarray-param,xilinx-resource-pragma-transformer -quiet -fix-errors /home/carlos/Desktop/REPO/github/cpantel/TheZynqBook/pynq-z2/2018.2/exercise04c/solution1/.autopilot/db/nco.pp.0.cpp -- -std=gnu++98 -fhls -ferror-limit=0
INFO-FLOW: exec /home/carlos/Xilinx/Vivado/2018.2/lnx64/tools/clang-3.9-csynth/bin/xilinx-legacy-rewriter /home/carlos/Desktop/REPO/github/cpantel/TheZynqBook/pynq-z2/2018.2/exercise04c/solution1/.autopilot/db/nco.pp.0.cpp -- -std=gnu++98 -fhls -ferror-limit=0
Command       tidy_31 done; 3.88 sec.
INFO-FLOW: tidy-3.1 time 7 seconds per iteration
INFO-FLOW: Pragma Handling...
Execute       tidy_31 xilinx-ssdm-intrinsics-arguments /home/carlos/Desktop/REPO/github/cpantel/TheZynqBook/pynq-z2/2018.2/exercise04c/solution1/.autopilot/db/nco.pragma.1.cpp std=gnu++98 
INFO-FLOW: exec /home/carlos/Xilinx/Vivado/2018.2/lnx64/tools/clang-3.9-csynth/bin/tidy-3.1 -header-filter=.* --checks=-*,xilinx-ssdm-intrinsics-arguments -quiet -fix-errors /home/carlos/Desktop/REPO/github/cpantel/TheZynqBook/pynq-z2/2018.2/exercise04c/solution1/.autopilot/db/nco.pragma.1.cpp -- -std=gnu++98 -fhls -ferror-limit=0
Command       tidy_31 done; 2.87 sec.
INFO-FLOW: Source preprocessing
Execute       clang  -fno-limit-debug-info -gcc-toolchain "/home/carlos/Xilinx/Vivado/2018.2/lnx64/tools/gcc" -hls  -fno-exceptions  -D__llvm__  -E "/home/carlos/Desktop/REPO/github/cpantel/TheZynqBook/pynq-z2/2018.2/exercise04c/solution1/.autopilot/db/nco.pragma.1.cpp"     -fno-math-errno -c -emit-llvm -O0  -mllvm -disable-llvm-optzns -fno-threadsafe-statics  -fno-use-cxa-atexit  -fno-threadsafe-statics -fno-use-cxa-atexit -D__CLANG_3_1__ -DAESL_SYN -D__SYNTHESIS__ -D__HLS_SYN__ -I "/home/carlos/Xilinx/Vivado/2018.2/common/technology/autopilot" -I "/home/carlos/Xilinx/Vivado/2018.2/common/technology/autopilot/ap_sysc" -include etc/autopilot_ssdm_op.h -D__DSP48E1__  -o "/home/carlos/Desktop/REPO/github/cpantel/TheZynqBook/pynq-z2/2018.2/exercise04c/solution1/.autopilot/db/nco.pragma.2.cpp" 
INFO-FLOW: exec /home/carlos/Xilinx/Vivado/2018.2/lnx64/tools/clang/bin/clang -fno-limit-debug-info -gcc-toolchain /home/carlos/Xilinx/Vivado/2018.2/lnx64/tools/gcc -hls -fno-exceptions -D__llvm__ -E /home/carlos/Desktop/REPO/github/cpantel/TheZynqBook/pynq-z2/2018.2/exercise04c/solution1/.autopilot/db/nco.pragma.1.cpp -fno-math-errno -c -emit-llvm -O0 -mllvm -disable-llvm-optzns -fno-threadsafe-statics -fno-use-cxa-atexit -fno-threadsafe-statics -fno-use-cxa-atexit -D__CLANG_3_1__ -DAESL_SYN -D__SYNTHESIS__ -D__HLS_SYN__ -I /home/carlos/Xilinx/Vivado/2018.2/common/technology/autopilot -I /home/carlos/Xilinx/Vivado/2018.2/common/technology/autopilot/ap_sysc -include etc/autopilot_ssdm_op.h -D__DSP48E1__ -o /home/carlos/Desktop/REPO/github/cpantel/TheZynqBook/pynq-z2/2018.2/exercise04c/solution1/.autopilot/db/nco.pragma.2.cpp
Command       clang done; 1.95 sec.
Execute       get_default_platform 
INFO-FLOW: Processing labels
Execute       clang -src /home/carlos/Desktop/REPO/github/cpantel/TheZynqBook/pynq-z2/2018.2/exercise04c/solution1/.autopilot/db/nco.pragma.2.cpp  -fno-limit-debug-info -gcc-toolchain /home/carlos/Xilinx/Vivado/2018.2/lnx64/tools/gcc -hls -hls-analyze-label -hls-analyze-pragma -fno-exceptions  -D__llvm__  -w  "/home/carlos/Desktop/REPO/github/cpantel/TheZynqBook/pynq-z2/2018.2/exercise04c/solution1/.autopilot/db/nco.pragma.2.cpp"    -fno-math-errno -c -emit-llvm -O0  -mllvm -disable-llvm-optzns -fno-threadsafe-statics  -fno-use-cxa-atexit -DAESL_SYN -D__SYNTHESIS__ -D__HLS_SYN__ -I "/home/carlos/Xilinx/Vivado/2018.2/common/technology/autopilot" -I "/home/carlos/Xilinx/Vivado/2018.2/common/technology/autopilot/ap_sysc" -include etc/autopilot_ssdm_op.h -D__DSP48E1__ -g -o "/home/carlos/Desktop/REPO/github/cpantel/TheZynqBook/pynq-z2/2018.2/exercise04c/solution1/.autopilot/db/nco.bc" 
INFO-FLOW: exec /home/carlos/Xilinx/Vivado/2018.2/lnx64/tools/clang/bin/clang -fno-limit-debug-info -gcc-toolchain /home/carlos/Xilinx/Vivado/2018.2/lnx64/tools/gcc -hls -hls-analyze-label -hls-analyze-pragma -fno-exceptions -D__llvm__ -w /home/carlos/Desktop/REPO/github/cpantel/TheZynqBook/pynq-z2/2018.2/exercise04c/solution1/.autopilot/db/nco.pragma.2.cpp -fno-math-errno -c -emit-llvm -O0 -mllvm -disable-llvm-optzns -fno-threadsafe-statics -fno-use-cxa-atexit -DAESL_SYN -D__SYNTHESIS__ -D__HLS_SYN__ -I /home/carlos/Xilinx/Vivado/2018.2/common/technology/autopilot -I /home/carlos/Xilinx/Vivado/2018.2/common/technology/autopilot/ap_sysc -include etc/autopilot_ssdm_op.h -D__DSP48E1__ -g -o /home/carlos/Desktop/REPO/github/cpantel/TheZynqBook/pynq-z2/2018.2/exercise04c/solution1/.autopilot/db/nco.bc
Command       clang done; 3.09 sec.
INFO-FLOW: Linking Debug ...
Execute       llvm-ld /home/carlos/Desktop/REPO/github/cpantel/TheZynqBook/pynq-z2/2018.2/exercise04c/solution1/.autopilot/db/nco.g.bc -hls-opt -except-internalize nco -L/home/carlos/Xilinx/Vivado/2018.2/lnx64/lib -lhlsm -lhlsmc++ -o /home/carlos/Desktop/REPO/github/cpantel/TheZynqBook/pynq-z2/2018.2/exercise04c/solution1/.autopilot/db/a.g 
Command       llvm-ld done; 1.15 sec.
INFO: [HLS 200-111] Finished Linking Time (s): cpu = 00:00:24 ; elapsed = 00:00:27 . Memory (MB): peak = 367.051 ; gain = 0.160 ; free physical = 5832 ; free virtual = 40718
INFO: [HLS 200-111] Finished Checking Pragmas Time (s): cpu = 00:00:24 ; elapsed = 00:00:27 . Memory (MB): peak = 367.051 ; gain = 0.160 ; free physical = 5832 ; free virtual = 40718
Execute       ::config_rtl 
Execute       opt_and_import_c a -opt_level=2 -skip_syncheck=0 -ng=0 -keep_printf=0 
Execute         cleanup_all_models 
INFO: [HLS 200-10] Starting code transformations ...
Execute         transform -promote-dbg-pointer /home/carlos/Desktop/REPO/github/cpantel/TheZynqBook/pynq-z2/2018.2/exercise04c/solution1/.autopilot/db/a.pp.bc -o /home/carlos/Desktop/REPO/github/cpantel/TheZynqBook/pynq-z2/2018.2/exercise04c/solution1/.autopilot/db/a.pp.0.bc -f 
Execute         llvm-ld /home/carlos/Desktop/REPO/github/cpantel/TheZynqBook/pynq-z2/2018.2/exercise04c/solution1/.autopilot/db/a.pp.0.bc -disable-opt -L/home/carlos/Xilinx/Vivado/2018.2/lnx64/lib -lfloatconversion -o /home/carlos/Desktop/REPO/github/cpantel/TheZynqBook/pynq-z2/2018.2/exercise04c/solution1/.autopilot/db/a.g.0 
Command         llvm-ld done; 1.13 sec.
INFO-FLOW: Running Standard Transforms...
Execute         transform -hls -share-std-xform -demangle-name -inline-byval-memcpy -always-inline -promote-dbg-pointer -interface-preproc -scalarrepl -mem2reg -keep-read-access -instcombine -dce -promote-dbg-pointer -bitop-raise -loop-simplify -indvarspre -indvars -loop-simplify -xunroll -constprop -instcombine -simplifycfg -indvars -simplifycfg -dce -globaldce -basicaa -simplifycfg -mem2reg -globalopt -global-constprop -deadargelim -instcombine -simplifycfg -prune-eh -simplifycfg -scalarrepl -instcombine -reassociate -licm -simplifycfg -loop-simplify -indvars -instcombine -simplifycfg -mem2reg -loop-simplify -indvars -instcombine -gvn -gvn -instcombine -adce -break-crit-edges -simplifycfg -loop-delete -global-array-opt -dce -dse -adce -find-syn-modules -top nco -deadargelim -mem2reg -instcombine -dce -presyn-prepare -auto-rom-infer -interface-preproc -syn-check -check-rec-only -find-region -simplifycfg -func-extr -function-inline -globaldce -mem2reg -instcombine -dce -gvn -globaldce -adce -adse -constprop -instcombine -bit-constprop -instcombine -dce -simplifycfg -bitop-raise -simplifycfg -dce -loop-delete -reassociate -globalopt -global-privatize -mem2reg -dce -global-constprop -pointer-simplify -constprop -dce -func-inst -deadargelim -auto-shift-reg-idiom -promote-dbg-pointer -norm-name /home/carlos/Desktop/REPO/github/cpantel/TheZynqBook/pynq-z2/2018.2/exercise04c/solution1/.autopilot/db/a.g.0.bc -o /home/carlos/Desktop/REPO/github/cpantel/TheZynqBook/pynq-z2/2018.2/exercise04c/solution1/.autopilot/db/a.g.1.bc -f -phase std-opt 
Command         transform done; 1.7 sec.
INFO: [HLS 200-111] Finished Standard Transforms Time (s): cpu = 00:00:27 ; elapsed = 00:00:30 . Memory (MB): peak = 494.891 ; gain = 128.000 ; free physical = 5808 ; free virtual = 40696
INFO: [HLS 200-10] Checking synthesizability ...
INFO-FLOW: Checking Synthesizability 1/2..
Execute         transform -hls -syn-check -check-rec-only -disaggr -scalarrepl -norm-name -dce -mem2reg -instcombine -function-uniquify -directive-preproc -mem2reg -dse -dce -auto-rom-infer -dce -array-normalize -instcombine -dce -warn-fifo-pointer -array-seg-normalize -instcombine -dce -array-flatten -instcombine -dce -array-burst -dce -deadargelim -promote-global-argument -simplifycfg -mem2reg -globaldce -resolve-double-ptr -dce -deadargelim -dce -instcombine -function-inline -globaldce -dce -doublePtrSimplify -doublePtrElim -dce -doublePtrSimplify -promote-dbg-pointer -dce -scalarrepl -dse -adse -instcombine -ptrLegalization -simplifycfg -dce -instcombine -pointer-simplify -ptrArgReplace -dce -instcombine -disaggr -scalarrepl -norm-name -dce -mem2reg -instcombine -ptrLegalization -simplifycfg -deadargelim -instcombine -dce -inst-simplify -function-uniquify -directive-preproc -mem2reg -dse -dce -globaldce /home/carlos/Desktop/REPO/github/cpantel/TheZynqBook/pynq-z2/2018.2/exercise04c/solution1/.autopilot/db/a.g.1.bc -o /home/carlos/Desktop/REPO/github/cpantel/TheZynqBook/pynq-z2/2018.2/exercise04c/solution1/.autopilot/db/a.g.2.prechk.bc -f 
INFO-FLOW: Checking Synthesizability 2/2..
Execute         transform -syn-check /home/carlos/Desktop/REPO/github/cpantel/TheZynqBook/pynq-z2/2018.2/exercise04c/solution1/.autopilot/db/a.g.2.prechk.bc -o /home/carlos/Desktop/REPO/github/cpantel/TheZynqBook/pynq-z2/2018.2/exercise04c/solution1/.autopilot/db/a.g.2.bc -f -phase syn-check 
INFO: [HLS 200-111] Finished Checking Synthesizability Time (s): cpu = 00:00:27 ; elapsed = 00:00:30 . Memory (MB): peak = 494.891 ; gain = 128.000 ; free physical = 5808 ; free virtual = 40696
INFO-FLOW: Compiler optimizing ...
INFO-FLOW: Share syncheck's 1.bc for syn flow: copy /home/carlos/Desktop/REPO/github/cpantel/TheZynqBook/pynq-z2/2018.2/exercise04c/solution1/.autopilot/db/a.g.1.bc to /home/carlos/Desktop/REPO/github/cpantel/TheZynqBook/pynq-z2/2018.2/exercise04c/solution1/.autopilot/db/a.o.1.bc
INFO-FLOW: Presyn 1...
Execute         transform -hls -tmp /home/carlos/Desktop/REPO/github/cpantel/TheZynqBook/pynq-z2/2018.2/exercise04c/solution1/.autopilot/db -interface-port-rename -type-info -function-uniquify -directive-preproc -mem2reg -dse -dce -disaggr -scalarrepl -norm-name -deadargelim -mem2reg -instcombine -dce -simplifycfg -auto-rom-infer -dce -function-uniquify -resource-proc -simplifycfg -mem2reg -globaldce -resolve-double-ptr -dce -deadargelim -dce -instcombine -clib-intrinsic-prepare -dce -func-buffer -dce -array-normalize -func-legal -instcombine -gvn -constprop -dce -ptrArgReplace -mem2reg -instcombine -dce -array-seg-normalize -deadargelim -instcombine -dce -pointer-simplify -dce -port-alignment -dce -interface-preproc -data-pack -instcombine -dce -basicaa -aggr-aa -aggrmodref-aa -aggr-aa -gvn -gvn -basicaa -aggr-aa -aggrmodref-aa -aggr-aa -dse -adse -adce -loop-simplify -indvars -instcombine -gvn -loop-simplify -mem2reg -dce -find-region -instcombine -auto-loop-pipeline -inst-simplify -interface-preproc -cfgopt -instcombine -indvars -auto-loop-unroll -loop-simplify -loop-bound -xunroll -constprop -instcombine -simplifycfg -indvars -simplifycfg -dce -globaldce -clean-region -attach-range -gvn -inst-simplify -constprop -simplifycfg -dce -pointer-simplify -dce -globalopt -constprop -dce -array-promote -constprop -instcombine -dce -ptrArgReplace -mem2reg -instcombine -simplifycfg -dce -auto-par -instcombine -dce -array-transform-check -array-reshape -instcombine -simplifycfg -dce -ptrArgReplace -deadargelim -mem2reg -instcombine -simplifycfg -dce -indvars -loop-simplify -loop-bound -xunroll -constprop -instcombine -simplifycfg -indvars -simplifycfg -dce -globaldce -duplicate-dataflow-processes -globaldce -instcombine -array-partition -instcombine -simplifycfg -dce -ptrArgReplace -global-constprop -deadargelim -mem2reg -func-legal -instcombine -dce -global-constprop -deadargelim -mem2reg -instcombine -simplifycfg -dce -merge-param -deadargelim -globalopt -constprop -dce -array-promote -constprop -instcombine -dce -ptrArgReplace -mem2reg -instcombine -simplifycfg -dce -mem-intrinsic-preproc -dce -global-internalize -global-privatize -mem2reg -globaldce -promote-global-argument -ptrArgReplace -mem2reg -instcombine -dce -globalopt -mergereturn -simplify-global-access -mem2reg -dce -pointer-simplify -dce -functionattrs -basicaa -aggr-aa -aggrmodref-aa -aggr-aa -gvn -gvn -basicaa -aggr-aa -aggrmodref-aa -aggr-aa -dse -adse -adce -inst-simplify -dce -norm-name -function-inline -globaldce -func-inst -constprop -instcombine -simplifycfg -dce -func-legal -dce -loop-bound -arraycheck -bitwidthmin -on-by-dataflow -loop-delete -instcombine -simplifycfg -globaldce -dce -gvn -deadargelim -dce -loop-simplify -clean-region -simplifycfg -propagate-stable-arguments -loop-stream -instcombine -simplifycfg -dce -globaldce -duplicate-dataflow-processes -stream-intrinsic-preproc -dce -check-ap-stream -loop-simplify -eliminate-keepreads -extract-dataflow-in-loop -loop-simplify -dce -gvn -deadargelim -dse -check-dataflow-syntax -legalize-stream-variable -legalize-global -extract-subproc -dce -dead-channel-elimination -canonicalize-gep -globaldce -dce -gvn -deadargelim -annotate-dataflow-channels -scalar-propagation -deadargelim -globaldce -mem2reg -check-dataflow-channels -function-stream -dce -globaldce -prop-fifo-spec -internal-stream-gen -canonicalize-gep -globaldce -dce -gvn -deadargelim -mergereturn -indvars -loop-simplify -instcombine -array-stream -array-seg-normalize -array-partition -func-legal -instcombine -simplifycfg -dce -bundle-memfifo-ops -deadargelim -function-uniquify -directive-preproc -mem2reg -dse -dce -group-axi-access -licm -simplifycfg -dce -loop-delete -norm-name /home/carlos/Desktop/REPO/github/cpantel/TheZynqBook/pynq-z2/2018.2/exercise04c/solution1/.autopilot/db/a.o.1.bc -o /home/carlos/Desktop/REPO/github/cpantel/TheZynqBook/pynq-z2/2018.2/exercise04c/solution1/.autopilot/db/a.o.1.tmp.bc -f 
Command         transform done; 0.16 sec.
INFO-FLOW: Presyn 2...
Execute         transform -hls -keep-callgraph -scalarrepl -mem2reg -port-alignment -attach-range -dce -pipe-mux-gen -indvars -loop-bound -inst-simplify -instcombine -dce -merge-array-access -mem2reg -dce -clean-region -mergereturn -if-conv -instcombine -dce -constprop -basicaa -aggr-aa -aggrmodref-aa -aggr-aa -gvn -gvn -basicaa -aggr-aa -aggrmodref-aa -aggr-aa -dse -adse -adce -scalarrepl -mem2reg -global-constprop -deadargelim -deadargelim -instcombine -dce -simplifycfg -ptrArgReplace -mem2reg -function-inline -globaldce -mem2reg -instcombine -dce -expr-balance -instcombine -dce -bitwidthmin -interface-preproc -directive-preproc -inst-rectify -instcombine -dce -functionattrs -constprop -instcombine -bit-constprop -simplify-global-access -globalopt -globaldce -inst-simplify -instcombine -elimdeaddata -dce -loop-delete -simplifycfg -loop-simplify -auto-burst -norm-name /home/carlos/Desktop/REPO/github/cpantel/TheZynqBook/pynq-z2/2018.2/exercise04c/solution1/.autopilot/db/a.o.1.tmp.bc -o /home/carlos/Desktop/REPO/github/cpantel/TheZynqBook/pynq-z2/2018.2/exercise04c/solution1/.autopilot/db/a.o.2.bc -f -phase presyn 
INFO: [HLS 200-111] Finished Pre-synthesis Time (s): cpu = 00:00:27 ; elapsed = 00:00:30 . Memory (MB): peak = 494.891 ; gain = 128.000 ; free physical = 5784 ; free virtual = 40674
INFO-FLOW: Building ssdm...
Execute         transform -hls -function-uniquify -auto-function-inline -globaldce -ptrArgReplace -mem2reg -instcombine -dce -reset-lda -loop-simplify -indvars -licm -loop-dep -loop-bound -licm -loop-simplify -flattenloopnest -array-flatten -gvn -instcombine -dce -array-map -dce -func-legal -gvn -adce -instcombine -cfgopt -simplifycfg -loop-simplify -array-burst -promote-global-argument -dce -axi4-lower -array-seg-normalize -basicaa -aggrmodref-aa -globalsmodref-aa -aggr-aa -gvn -gvn -basicaa -aggrmodref-aa -globalsmodref-aa -aggr-aa -dse -adse -adce -licm -inst-simplify -dce -globaldce -instcombine -array-stream -eliminate-keepreads -instcombine -dce -deadargelim -doublePtrSimplify -doublePtrElim -dce -doublePtrSimplify -promote-dbg-pointer -dce -scalarrepl -mem2reg -disaggr -norm-name -mem2reg -instcombine -dse -adse -adce -ptrLegalization -dce -auto-rom-infer -array-flatten -dce -instcombine -check-doubleptr -loop-rot -constprop -cfgopt -simplifycfg -loop-simplify -indvars -pointer-simplify -dce -loop-bound -loop-simplify -loop-preproc -constprop -global-constprop -gvn -mem2reg -instcombine -dce -loop-bound -loop-merge -dce -bitwidthmin -deadargelim -dce -canonicalize-dataflow -dce -scalar-propagation -deadargelim -globaldce -mem2reg -read-loop-dep -interface-preproc -directive-preproc -interface-gen -bram-byte-enable -deadargelim -inst-simplify -dce -gvn -mem2reg -instcombine -dce -adse -loop-bound -instcombine -cfgopt -simplifycfg -loop-simplify -clean-region -io-protocol -find-region -mem2reg -bitop-raise -inst-simplify -inst-rectify -instcombine -adce -deadargelim -loop-simplify -phi-opt -bitop-raise -cfgopt -simplifycfg -strip-dead-prototypes -interface-lower -bitop-lower -intrinsic-lower -auto-function-inline -basicaa -aggrmodref-aa -globalsmodref-aa -aggr-aa -inst-simplify -simplifycfg -loop-simplify -mergereturn -inst-simplify -inst-rectify -dce -load-elim -bitop-lower -loop-rewind -pointer-simplify -dce -cfgopt -dce -bitwidth -loop-dep -read-loop-dep -dce -check-stream -norm-name -legalize -validate-dataflow -dead-allocation-elimination -cdfg-build /home/carlos/Desktop/REPO/github/cpantel/TheZynqBook/pynq-z2/2018.2/exercise04c/solution1/.autopilot/db/a.o.2.bc -o /home/carlos/Desktop/REPO/github/cpantel/TheZynqBook/pynq-z2/2018.2/exercise04c/solution1/.autopilot/db/a.o.3.bc -f -phase build-ssdm 
Command         transform done; 0.11 sec.
INFO: [HLS 200-111] Finished Architecture Synthesis Time (s): cpu = 00:00:28 ; elapsed = 00:00:30 . Memory (MB): peak = 494.891 ; gain = 128.000 ; free physical = 5781 ; free virtual = 40671
INFO-FLOW: Finish building internal data model.
Command       opt_and_import_c done; 3.41 sec.
Command     elaborate done; 29.3 sec.
Execute     autosyn -from_csynth_design=1 
INFO: [HLS 200-10] Starting hardware synthesis ...
INFO-FLOW: Synthesizing C/C++ design ...
INFO: [HLS 200-10] Synthesizing 'nco' ...
Execute       ap_set_top_model nco 
Execute       get_model_list nco -filter all-wo-channel -topdown 
Execute       preproc_iomode -model nco 
Execute       get_model_list nco -filter all-wo-channel 
INFO-FLOW: Model list for configure: nco
INFO-FLOW: Configuring Module : nco ...
Execute       set_default_model nco 
Execute       apply_spec_resource_limit nco 
INFO-FLOW: Model list for preprocess: nco
INFO-FLOW: Preprocessing Module: nco ...
Execute       set_default_model nco 
Execute       cdfg_preprocess -model nco 
Execute       rtl_gen_preprocess nco 
INFO-FLOW: Model list for synthesis: nco
INFO: [HLS 200-10] ----------------------------------------------------------------
INFO: [HLS 200-42] -- Implementing module 'nco' 
INFO: [HLS 200-10] ----------------------------------------------------------------
Execute       set_default_model nco 
Execute       schedule -model nco 
INFO: [SCHED 204-11] Starting scheduling ...
INFO: [SCHED 204-11] Finished scheduling.
INFO: [HLS 200-111]  Elapsed time: 30.12 seconds; current allocated memory: 92.737 MB.
Execute       report -o /home/carlos/Desktop/REPO/github/cpantel/TheZynqBook/pynq-z2/2018.2/exercise04c/solution1/.autopilot/db/nco.verbose.sched.rpt -verbose -f 
Execute       db_write -o /home/carlos/Desktop/REPO/github/cpantel/TheZynqBook/pynq-z2/2018.2/exercise04c/solution1/.autopilot/db/nco.sched.adb -f 
INFO-FLOW: Finish scheduling nco.
Execute       set_default_model nco 
Execute       bind -model nco 
BIND OPTION: fu_weight=[ 0.0 -- 1.0 ]
BIND OPTION: model=nco
BIND OPTION: reg_weight=[ 0.0 -- 1.0 ]
INFO: [BIND 205-100] Starting micro-architecture generation ...
INFO: [BIND 205-101] Performing variable lifetime analysis.
INFO: [BIND 205-101] Exploring resource sharing.
INFO: [BIND 205-101] Binding ...
INFO: [BIND 205-100] Finished micro-architecture generation.
INFO: [HLS 200-111]  Elapsed time: 0.01 seconds; current allocated memory: 92.831 MB.
Execute       report -o /home/carlos/Desktop/REPO/github/cpantel/TheZynqBook/pynq-z2/2018.2/exercise04c/solution1/.autopilot/db/nco.verbose.bind.rpt -verbose -f 
Execute       db_write -o /home/carlos/Desktop/REPO/github/cpantel/TheZynqBook/pynq-z2/2018.2/exercise04c/solution1/.autopilot/db/nco.bind.adb -f 
INFO-FLOW: Finish binding nco.
Execute       get_model_list nco -filter all-wo-channel 
INFO-FLOW: Preprocessing for RTLGen ...
Execute       rtl_gen_preprocess nco 
INFO-FLOW: Model list for RTL generation: nco
INFO: [HLS 200-10] ----------------------------------------------------------------
INFO: [HLS 200-10] -- Generating RTL for module 'nco' 
INFO: [HLS 200-10] ----------------------------------------------------------------
Execute       get_config_rtl -prefix 
Execute       get_config_rtl -auto_prefix 
Execute       create_rtl_model nco -vendor xilinx -mg_file /home/carlos/Desktop/REPO/github/cpantel/TheZynqBook/pynq-z2/2018.2/exercise04c/solution1/.autopilot/db/nco.compgen.tcl 
INFO: [RTGEN 206-500] Setting interface mode on port 'nco/sine_sample_V' to 's_axilite & ap_vld'.
INFO: [RTGEN 206-500] Setting interface mode on port 'nco/step_size_V' to 's_axilite & ap_none'.
INFO: [RTGEN 206-500] Setting interface mode on function 'nco' to 's_axilite & ap_ctrl_none'.
WARNING: [RTGEN 206-101] Register 'temp_V' is power-on initialization.
INFO: [RTGEN 206-100] Bundling port 'return' and 'step_size_V' to AXI-Lite port AXILiteS.
INFO: [RTGEN 206-100] Finished creating RTL model for 'nco'.
INFO: [HLS 200-111]  Elapsed time: 0.03 seconds; current allocated memory: 93.091 MB.
Execute       source /home/carlos/Desktop/REPO/github/cpantel/TheZynqBook/pynq-z2/2018.2/exercise04c/solution1/.autopilot/db/nco.rtl_wrap.cfg.tcl 
Execute       gen_rtl nco -istop -style xilinx -tracefl mytrace -tracefmt vcd -traceopt all -f -lang sc -o /home/carlos/Desktop/REPO/github/cpantel/TheZynqBook/pynq-z2/2018.2/exercise04c/solution1/syn/systemc/nco -synmodules nco 
Execute       gen_rtl nco -istop -style xilinx -f -lang vhdl -o /home/carlos/Desktop/REPO/github/cpantel/TheZynqBook/pynq-z2/2018.2/exercise04c/solution1/syn/vhdl/nco 
Execute       gen_rtl nco -istop -style xilinx -f -lang vlog -o /home/carlos/Desktop/REPO/github/cpantel/TheZynqBook/pynq-z2/2018.2/exercise04c/solution1/syn/verilog/nco 
Execute       export_constraint_db -o /home/carlos/Desktop/REPO/github/cpantel/TheZynqBook/pynq-z2/2018.2/exercise04c/solution1/.autopilot/db/nco.constraint.tcl -f -tool general 
Execute       report -model nco -o /home/carlos/Desktop/REPO/github/cpantel/TheZynqBook/pynq-z2/2018.2/exercise04c/solution1/.autopilot/db/nco.design.xml -verbose -f -dv 
Execute       report -model nco -o /home/carlos/Desktop/REPO/github/cpantel/TheZynqBook/pynq-z2/2018.2/exercise04c/solution1/.autopilot/db/nco.sdaccel.xml -verbose -f -sdaccel 
Execute       gen_tb_info nco -o /home/carlos/Desktop/REPO/github/cpantel/TheZynqBook/pynq-z2/2018.2/exercise04c/solution1/.autopilot/db/nco -p /home/carlos/Desktop/REPO/github/cpantel/TheZynqBook/pynq-z2/2018.2/exercise04c/solution1/.autopilot/db 
Execute       report -model nco -o /home/carlos/Desktop/REPO/github/cpantel/TheZynqBook/pynq-z2/2018.2/exercise04c/solution1/syn/report/nco_csynth.rpt -f 
Execute       report -model nco -o /home/carlos/Desktop/REPO/github/cpantel/TheZynqBook/pynq-z2/2018.2/exercise04c/solution1/syn/report/nco_csynth.xml -f -x 
Execute       report -model nco -o /home/carlos/Desktop/REPO/github/cpantel/TheZynqBook/pynq-z2/2018.2/exercise04c/solution1/.autopilot/db/nco.verbose.rpt -verbose -f 
Execute       db_write -model nco -o /home/carlos/Desktop/REPO/github/cpantel/TheZynqBook/pynq-z2/2018.2/exercise04c/solution1/.autopilot/db/nco.adb -f 
Execute       sc_get_clocks nco 
Execute       sc_get_portdomain nco 
INFO-FLOW: Model list for RTL component generation: nco
INFO-FLOW: Handling components in module [nco] ... 
Execute       source /home/carlos/Desktop/REPO/github/cpantel/TheZynqBook/pynq-z2/2018.2/exercise04c/solution1/.autopilot/db/nco.compgen.tcl 
INFO-FLOW: Found component nco_sine_lut_V.
INFO-FLOW: Append model nco_sine_lut_V
INFO-FLOW: Found component nco_AXILiteS_s_axi.
INFO-FLOW: Append model nco_AXILiteS_s_axi
INFO-FLOW: Append model nco
INFO-FLOW: Generating RTL model list ...
INFO-FLOW: All models in this session: nco_sine_lut_V nco_AXILiteS_s_axi nco
INFO-FLOW: To file: write model nco_sine_lut_V
INFO-FLOW: To file: write model nco_AXILiteS_s_axi
INFO-FLOW: To file: write model nco
INFO-FLOW: Finished generating RTL model list.


INFO-FLOW: RTL Generation done.
INFO-FLOW: CAS Generation done.
INFO-FLOW: CBC Generation done.
Execute       get_config_sdx -target 
Execute       source /home/carlos/Desktop/REPO/github/cpantel/TheZynqBook/pynq-z2/2018.2/exercise04c/solution1/.autopilot/db/global.setting.tcl 
Execute       source /home/carlos/Xilinx/Vivado/2018.2/common/technology/generic/autopilot/common.gen 
Execute         source /home/carlos/Xilinx/Vivado/2018.2/common/technology/generic/autopilot/APCoreGen.gen 
Execute       source /home/carlos/Xilinx/Vivado/2018.2/common/technology/generic/autopilot/op.gen 
Execute       source /home/carlos/Xilinx/Vivado/2018.2/common/technology/generic/autopilot/op_simcore.gen 
Execute       source /home/carlos/Xilinx/Vivado/2018.2/common/technology/generic/autopilot/interface.gen 
Execute       source /home/carlos/Desktop/REPO/github/cpantel/TheZynqBook/pynq-z2/2018.2/exercise04c/solution1/.autopilot/db/global.setting.tcl 
Execute       source /home/carlos/Xilinx/Vivado/2018.2/common/technology/xilinx/zynq/zynq.gen 
Execute         source /home/carlos/Xilinx/Vivado/2018.2/common/technology/xilinx/common/virtex.gen 
Execute           source /home/carlos/Xilinx/Vivado/2018.2/common/technology/xilinx/common/xilinx.gen 
Execute             source /home/carlos/Xilinx/Vivado/2018.2/common/technology/xilinx/interface/plb46.gen 
Execute             source /home/carlos/Xilinx/Vivado/2018.2/common/technology/xilinx/interface/fsl.gen 
Execute             source /home/carlos/Xilinx/Vivado/2018.2/common/technology/xilinx/interface/axi4.gen 
Execute             source /home/carlos/Xilinx/Vivado/2018.2/common/technology/xilinx/interface/nativeAXI4.gen 
Execute               source /home/carlos/Xilinx/Vivado/2018.2/common/technology/xilinx/interface/saxilite.gen 
Execute               source /home/carlos/Xilinx/Vivado/2018.2/common/technology/xilinx/interface/maxi.gen 
Execute             source /home/carlos/Xilinx/Vivado/2018.2/common/technology/xilinx/scripts/xilinxcoregen.gen 
Execute             source /home/carlos/Xilinx/Vivado/2018.2/common/technology/xilinx/interface/XilEDKCoreGen.gen 
Execute             source /home/carlos/Xilinx/Vivado/2018.2/common/technology/xilinx/ip/dds_compiler.gen 
Execute             source /home/carlos/Xilinx/Vivado/2018.2/common/technology/xilinx/ip/util.gen 
Execute             source /home/carlos/Xilinx/Vivado/2018.2/common/technology/xilinx/ip/xfft.gen 
Command             ap_source done; 0.12 sec.
Execute             source /home/carlos/Xilinx/Vivado/2018.2/common/technology/xilinx/ip/xfir.gen 
Command           ap_source done; 0.17 sec.
Execute           source /home/carlos/Xilinx/Vivado/2018.2/common/technology/xilinx/common/dsp48.gen 
Command         ap_source done; 0.17 sec.
Command       ap_source done; 0.17 sec.
Execute       source /home/carlos/Xilinx/Vivado/2018.2/common/technology/xilinx/zynq/zynq_fpv6.gen 
Execute         source /home/carlos/Xilinx/Vivado/2018.2/common/technology/xilinx/common/xilinx_fpv6.gen 
Execute       source /home/carlos/Desktop/REPO/github/cpantel/TheZynqBook/pynq-z2/2018.2/exercise04c/solution1/.autopilot/db/global.setting.tcl 
Execute       source /home/carlos/Desktop/REPO/github/cpantel/TheZynqBook/pynq-z2/2018.2/exercise04c/solution1/.autopilot/db/global.setting.tcl 
Execute       source /home/carlos/Desktop/REPO/github/cpantel/TheZynqBook/pynq-z2/2018.2/exercise04c/solution1/.autopilot/db/global.setting.tcl 
Execute       source /home/carlos/Desktop/REPO/github/cpantel/TheZynqBook/pynq-z2/2018.2/exercise04c/solution1/.autopilot/db/nco.compgen.tcl 
INFO: [RTMG 210-279] Implementing memory 'nco_sine_lut_V_rom' using auto ROMs.
Execute         source ./AXILiteS.slave.tcl 
Execute         is_m_axi_addr64 
Command       ap_source done; 0.38 sec.
Execute       get_config_sdx -target 
Execute       source /home/carlos/Desktop/REPO/github/cpantel/TheZynqBook/pynq-z2/2018.2/exercise04c/solution1/.autopilot/db/global.setting.tcl 
Execute       source /home/carlos/Xilinx/Vivado/2018.2/common/technology/generic/autopilot/common.gen 
Execute         source /home/carlos/Xilinx/Vivado/2018.2/common/technology/generic/autopilot/APCoreGen.gen 
Execute       source /home/carlos/Xilinx/Vivado/2018.2/common/technology/generic/autopilot/op.gen 
Execute       source /home/carlos/Xilinx/Vivado/2018.2/common/technology/generic/autopilot/op_simcore.gen 
Execute       source /home/carlos/Xilinx/Vivado/2018.2/common/technology/generic/autopilot/interface.gen 
Execute       source /home/carlos/Desktop/REPO/github/cpantel/TheZynqBook/pynq-z2/2018.2/exercise04c/solution1/.autopilot/db/global.setting.tcl 
Execute       source /home/carlos/Xilinx/Vivado/2018.2/common/technology/xilinx/zynq/zynq.gen 
Execute         source /home/carlos/Xilinx/Vivado/2018.2/common/technology/xilinx/common/virtex.gen 
Execute           source /home/carlos/Xilinx/Vivado/2018.2/common/technology/xilinx/common/xilinx.gen 
Execute             source /home/carlos/Xilinx/Vivado/2018.2/common/technology/xilinx/interface/plb46.gen 
Execute             source /home/carlos/Xilinx/Vivado/2018.2/common/technology/xilinx/interface/fsl.gen 
Execute             source /home/carlos/Xilinx/Vivado/2018.2/common/technology/xilinx/interface/axi4.gen 
Execute             source /home/carlos/Xilinx/Vivado/2018.2/common/technology/xilinx/interface/nativeAXI4.gen 
Execute               source /home/carlos/Xilinx/Vivado/2018.2/common/technology/xilinx/interface/saxilite.gen 
Execute               source /home/carlos/Xilinx/Vivado/2018.2/common/technology/xilinx/interface/maxi.gen 
Execute             source /home/carlos/Xilinx/Vivado/2018.2/common/technology/xilinx/scripts/xilinxcoregen.gen 
Execute             source /home/carlos/Xilinx/Vivado/2018.2/common/technology/xilinx/interface/XilEDKCoreGen.gen 
Execute             source /home/carlos/Xilinx/Vivado/2018.2/common/technology/xilinx/ip/dds_compiler.gen 
Execute             source /home/carlos/Xilinx/Vivado/2018.2/common/technology/xilinx/ip/util.gen 
Execute             source /home/carlos/Xilinx/Vivado/2018.2/common/technology/xilinx/ip/xfft.gen 
Command             ap_source done; 0.13 sec.
Execute             source /home/carlos/Xilinx/Vivado/2018.2/common/technology/xilinx/ip/xfir.gen 
Command           ap_source done; 0.17 sec.
Execute           source /home/carlos/Xilinx/Vivado/2018.2/common/technology/xilinx/common/dsp48.gen 
Command         ap_source done; 0.17 sec.
Command       ap_source done; 0.17 sec.
Execute       source /home/carlos/Xilinx/Vivado/2018.2/common/technology/xilinx/zynq/zynq_fpv6.gen 
Execute         source /home/carlos/Xilinx/Vivado/2018.2/common/technology/xilinx/common/xilinx_fpv6.gen 
Execute       source /home/carlos/Desktop/REPO/github/cpantel/TheZynqBook/pynq-z2/2018.2/exercise04c/solution1/.autopilot/db/nco.rtl_wrap.cfg.tcl 
Execute       source /home/carlos/Desktop/REPO/github/cpantel/TheZynqBook/pynq-z2/2018.2/exercise04c/solution1/.autopilot/db/nco.rtl_wrap.cfg.tcl 
Execute       source /home/carlos/Desktop/REPO/github/cpantel/TheZynqBook/pynq-z2/2018.2/exercise04c/solution1/.autopilot/db/nco.rtl_wrap.cfg.tcl 
Execute       source /home/carlos/Desktop/REPO/github/cpantel/TheZynqBook/pynq-z2/2018.2/exercise04c/solution1/.autopilot/db/nco.tbgen.tcl 
Execute       source /home/carlos/Desktop/REPO/github/cpantel/TheZynqBook/pynq-z2/2018.2/exercise04c/solution1/.autopilot/db/nco.tbgen.tcl 
Execute       source /home/carlos/Desktop/REPO/github/cpantel/TheZynqBook/pynq-z2/2018.2/exercise04c/solution1/.autopilot/db/global.setting.tcl 
Execute       source /home/carlos/Desktop/REPO/github/cpantel/TheZynqBook/pynq-z2/2018.2/exercise04c/solution1/.autopilot/db/nco.compgen.tcl 
Execute       source /home/carlos/Desktop/REPO/github/cpantel/TheZynqBook/pynq-z2/2018.2/exercise04c/solution1/.autopilot/db/global.setting.tcl 
Execute       source /home/carlos/Desktop/REPO/github/cpantel/TheZynqBook/pynq-z2/2018.2/exercise04c/solution1/.autopilot/db/nco.compgen.tcl 
Execute       source /home/carlos/Desktop/REPO/github/cpantel/TheZynqBook/pynq-z2/2018.2/exercise04c/solution1/.autopilot/db/global.setting.tcl 
Execute       source /home/carlos/Desktop/REPO/github/cpantel/TheZynqBook/pynq-z2/2018.2/exercise04c/solution1/.autopilot/db/nco.compgen.tcl 
Execute       source /home/carlos/Desktop/REPO/github/cpantel/TheZynqBook/pynq-z2/2018.2/exercise04c/solution1/.autopilot/db/global.setting.tcl 
Execute       source /home/carlos/Desktop/REPO/github/cpantel/TheZynqBook/pynq-z2/2018.2/exercise04c/solution1/.autopilot/db/nco.constraint.tcl 
Execute       source /home/carlos/Desktop/REPO/github/cpantel/TheZynqBook/pynq-z2/2018.2/exercise04c/solution1/.autopilot/db/nco.tbgen.tcl 
Execute       source /home/carlos/Desktop/REPO/github/cpantel/TheZynqBook/pynq-z2/2018.2/exercise04c/solution1/.autopilot/db/global.setting.tcl 
Execute       source /home/carlos/Desktop/REPO/github/cpantel/TheZynqBook/pynq-z2/2018.2/exercise04c/solution1/.autopilot/db/global.setting.tcl 
Execute       source /home/carlos/Desktop/REPO/github/cpantel/TheZynqBook/pynq-z2/2018.2/exercise04c/solution1/.autopilot/db/global.setting.tcl 
Execute       source /home/carlos/Desktop/REPO/github/cpantel/TheZynqBook/pynq-z2/2018.2/exercise04c/solution1/.autopilot/db/nco.tbgen.tcl 
Execute       source /home/carlos/Desktop/REPO/github/cpantel/TheZynqBook/pynq-z2/2018.2/exercise04c/solution1/.autopilot/db/global.setting.tcl 
Execute       source /home/carlos/Desktop/REPO/github/cpantel/TheZynqBook/pynq-z2/2018.2/exercise04c/solution1/.autopilot/db/nco.constraint.tcl 
Execute       sc_get_clocks nco 
Execute       source /home/carlos/Desktop/REPO/github/cpantel/TheZynqBook/pynq-z2/2018.2/exercise04c/solution1/.autopilot/db/global.setting.tcl 
Execute       get_config_sdx -target 
Execute       get_config_sdx -profile 
Execute       ::config_rtl 
INFO: [HLS 200-111] Finished generating all RTL models Time (s): cpu = 00:00:29 ; elapsed = 00:00:31 . Memory (MB): peak = 494.891 ; gain = 128.000 ; free physical = 5779 ; free virtual = 40670
INFO: [SYSC 207-301] Generating SystemC RTL for nco.
INFO: [VHDL 208-304] Generating VHDL RTL for nco.
INFO: [VLOG 209-307] Generating Verilog RTL for nco.
Command     autosyn done; 1.07 sec.
Command   csynth_design done; 30.37 sec.
Command ap_source done; 30.81 sec.
Execute cleanup_all 
INFO-FLOW: Workspace /home/carlos/Desktop/REPO/github/cpantel/TheZynqBook/pynq-z2/2018.2/exercise04c/solution1 opened at Sun Dec 29 13:39:43 -03 2019
Execute     config_clock -quiet -name default -period 10 -default=false 
INFO: [SYN 201-201] Setting up clock 'default' with a period of 10ns.
Execute     open_platform DefaultPlatform 
Execute     import_lib /home/carlos/Xilinx/Vivado/2018.2/common/technology/xilinx/zynq/zynq 
Execute       source /home/carlos/Xilinx/Vivado/2018.2/common/technology/xilinx/common/xilinx.lib 
Execute         source /home/carlos/Xilinx/Vivado/2018.2/common/technology/xilinx/interface/xilinx_interface.lib 
Execute           source /home/carlos/Xilinx/Vivado/2018.2/common/technology/xilinx/interface/plb46.lib 
Execute           source /home/carlos/Xilinx/Vivado/2018.2/common/technology/xilinx/interface/fsl.lib 
Execute           source /home/carlos/Xilinx/Vivado/2018.2/common/technology/xilinx/interface/axi4.lib 
Execute           source /home/carlos/Xilinx/Vivado/2018.2/common/technology/xilinx/interface/maxi.lib 
Execute           source /home/carlos/Xilinx/Vivado/2018.2/common/technology/xilinx/interface/saxilite.lib 
Execute         source /home/carlos/Xilinx/Vivado/2018.2/common/technology/xilinx/common/dsp48.lib 
Execute         source /home/carlos/Xilinx/Vivado/2018.2/common/technology/xilinx/ip/xfft.lib 
Execute         source /home/carlos/Xilinx/Vivado/2018.2/common/technology/xilinx/ip/xfir.lib 
Execute         source /home/carlos/Xilinx/Vivado/2018.2/common/technology/xilinx/ip/dds_compiler.lib 
Execute       source /home/carlos/Xilinx/Vivado/2018.2/common/technology/xilinx/common/xilinx_old.lib 
Execute       source /home/carlos/Xilinx/Vivado/2018.2/common/technology/xilinx/common/xilinx_vivado.lib 
Execute       source /home/carlos/Xilinx/Vivado/2018.2/common/technology/xilinx/common/xilinx.hlp 
Execute         source /home/carlos/Xilinx/Vivado/2018.2/common/technology/xilinx/common/target_info.tcl 
Execute         source /home/carlos/Xilinx/Vivado/2018.2/common/technology/xilinx/interface/xilinx_interface.hlp 
Execute           source /home/carlos/Xilinx/Vivado/2018.2/common/technology/xilinx/interface/maxi.hlp 
Execute           source /home/carlos/Xilinx/Vivado/2018.2/common/technology/xilinx/interface/saxilite.hlp 
Execute         source /home/carlos/Xilinx/Vivado/2018.2/common/technology/xilinx/common/dsp48.hlp 
Execute       source /home/carlos/Xilinx/Vivado/2018.2/common/technology/xilinx/zynq/dsp48e1.hlp 
Execute       get_default_platform 
Execute       config_chip_info -quiet -resource  {SLICE 13300}  {LUT 53200}     {FF 106400} {DSP48E 220}   {BRAM 280}  
Execute       config_chip_info -quiet -speed medium 
Execute       source /home/carlos/Xilinx/Vivado/2018.2/common/technology/xilinx/common/xilinx.hlp 
Execute         source /home/carlos/Xilinx/Vivado/2018.2/common/technology/xilinx/common/target_info.tcl 
Execute         source /home/carlos/Xilinx/Vivado/2018.2/common/technology/xilinx/interface/xilinx_interface.hlp 
Execute           source /home/carlos/Xilinx/Vivado/2018.2/common/technology/xilinx/interface/maxi.hlp 
Execute           source /home/carlos/Xilinx/Vivado/2018.2/common/technology/xilinx/interface/saxilite.hlp 
Execute         source /home/carlos/Xilinx/Vivado/2018.2/common/technology/xilinx/common/dsp48.hlp 
Execute     source /home/carlos/Xilinx/Vivado/2018.2/common/technology/xilinx/zynq/zynq.gen 
Execute       source /home/carlos/Xilinx/Vivado/2018.2/common/technology/xilinx/common/virtex.gen 
Execute         source /home/carlos/Xilinx/Vivado/2018.2/common/technology/xilinx/common/xilinx.gen 
Execute           source /home/carlos/Xilinx/Vivado/2018.2/common/technology/xilinx/interface/plb46.gen 
Execute           source /home/carlos/Xilinx/Vivado/2018.2/common/technology/xilinx/interface/fsl.gen 
Execute           source /home/carlos/Xilinx/Vivado/2018.2/common/technology/xilinx/interface/axi4.gen 
Execute           source /home/carlos/Xilinx/Vivado/2018.2/common/technology/xilinx/interface/nativeAXI4.gen 
Execute             source /home/carlos/Xilinx/Vivado/2018.2/common/technology/xilinx/interface/saxilite.gen 
Execute             source /home/carlos/Xilinx/Vivado/2018.2/common/technology/xilinx/interface/maxi.gen 
Execute           source /home/carlos/Xilinx/Vivado/2018.2/common/technology/xilinx/scripts/xilinxcoregen.gen 
Execute           source /home/carlos/Xilinx/Vivado/2018.2/common/technology/xilinx/interface/XilEDKCoreGen.gen 
Execute           source /home/carlos/Xilinx/Vivado/2018.2/common/technology/xilinx/ip/dds_compiler.gen 
Execute           source /home/carlos/Xilinx/Vivado/2018.2/common/technology/xilinx/ip/util.gen 
Execute           source /home/carlos/Xilinx/Vivado/2018.2/common/technology/xilinx/ip/xfft.gen 
Command           ap_source done; 0.14 sec.
Execute           source /home/carlos/Xilinx/Vivado/2018.2/common/technology/xilinx/ip/xfir.gen 
Command         ap_source done; 0.19 sec.
Execute         source /home/carlos/Xilinx/Vivado/2018.2/common/technology/xilinx/common/dsp48.gen 
Command       ap_source done; 0.19 sec.
Command     ap_source done; 0.19 sec.
Execute     open_platform DefaultPlatform 
Execute     import_lib /home/carlos/Xilinx/Vivado/2018.2/common/technology/xilinx/zynq/zynq_fpv6 
Execute       source /home/carlos/Xilinx/Vivado/2018.2/common/technology/xilinx/common/xilinx_fpv7.lib 
Execute         source /home/carlos/Xilinx/Vivado/2018.2/common/technology/xilinx/common/xilinx_hp.lib 
Execute       source /home/carlos/Xilinx/Vivado/2018.2/common/technology/xilinx/common/xilinx_fpv.hlp 
Execute         source /home/carlos/Xilinx/Vivado/2018.2/common/technology/xilinx/common/xilinx.hlp 
Execute           source /home/carlos/Xilinx/Vivado/2018.2/common/technology/xilinx/common/target_info.tcl 
Execute           source /home/carlos/Xilinx/Vivado/2018.2/common/technology/xilinx/interface/xilinx_interface.hlp 
Execute             source /home/carlos/Xilinx/Vivado/2018.2/common/technology/xilinx/interface/maxi.hlp 
Execute             source /home/carlos/Xilinx/Vivado/2018.2/common/technology/xilinx/interface/saxilite.hlp 
Execute           source /home/carlos/Xilinx/Vivado/2018.2/common/technology/xilinx/common/dsp48.hlp 
Execute       source /home/carlos/Xilinx/Vivado/2018.2/common/technology/xilinx/zynq/zynq_hp.hlp 
Execute     source /home/carlos/Xilinx/Vivado/2018.2/common/technology/xilinx/zynq/zynq_fpv6.gen 
Execute       source /home/carlos/Xilinx/Vivado/2018.2/common/technology/xilinx/common/xilinx_fpv6.gen 
Execute     set_part xc7z020clg400-1 
Execute       add_library xilinx/zynq/zynq:xc7z020:clg400:-1 
Execute         get_default_platform 
Execute         license_isbetapart xc7z020 
Command         license_isbetapart done; error code: 1; 
Execute         get_default_platform 
Execute         config_chip_info -quiet -resource  {SLICE 13300}  {LUT 53200}     {FF 106400} {DSP48E 220}   {BRAM 280}  
Execute         config_chip_info -quiet -speed slow 
Execute       add_library xilinx/zynq/zynq_fpv6 
Execute         get_default_platform 
INFO: [HLS 200-10] Setting target device to 'xc7z020clg400-1'
Execute       get_default_platform 
Execute     get_default_platform 
Execute     config_chip_info -quiet -resource  {SLICE 13300}  {LUT 53200}     {FF 106400} {DSP48E 220}   {BRAM 280}  
Execute     config_chip_info -quiet -speed slow 
Command   open_solution done; 0.4 sec.
Execute   export_design -rtl verilog -format ip_catalog 
Execute     source /home/carlos/Desktop/REPO/github/cpantel/TheZynqBook/pynq-z2/2018.2/exercise04c/solution1/.autopilot/db/global.setting.tcl 
Execute     source /home/carlos/Xilinx/Vivado/2018.2/common/technology/generic/autopilot/common.gen 
Execute       source /home/carlos/Xilinx/Vivado/2018.2/common/technology/generic/autopilot/APCoreGen.gen 
Execute     source /home/carlos/Xilinx/Vivado/2018.2/common/technology/generic/autopilot/op.gen 
Execute     source /home/carlos/Xilinx/Vivado/2018.2/common/technology/generic/autopilot/op_simcore.gen 
Execute     source /home/carlos/Xilinx/Vivado/2018.2/common/technology/generic/autopilot/interface.gen 
Execute     source /home/carlos/Desktop/REPO/github/cpantel/TheZynqBook/pynq-z2/2018.2/exercise04c/solution1/.autopilot/db/global.setting.tcl 
Execute     source /home/carlos/Xilinx/Vivado/2018.2/common/technology/xilinx/zynq/zynq.gen 
Execute       source /home/carlos/Xilinx/Vivado/2018.2/common/technology/xilinx/common/virtex.gen 
Execute         source /home/carlos/Xilinx/Vivado/2018.2/common/technology/xilinx/common/xilinx.gen 
Execute           source /home/carlos/Xilinx/Vivado/2018.2/common/technology/xilinx/interface/plb46.gen 
Execute           source /home/carlos/Xilinx/Vivado/2018.2/common/technology/xilinx/interface/fsl.gen 
Execute           source /home/carlos/Xilinx/Vivado/2018.2/common/technology/xilinx/interface/axi4.gen 
Execute           source /home/carlos/Xilinx/Vivado/2018.2/common/technology/xilinx/interface/nativeAXI4.gen 
Execute             source /home/carlos/Xilinx/Vivado/2018.2/common/technology/xilinx/interface/saxilite.gen 
Execute             source /home/carlos/Xilinx/Vivado/2018.2/common/technology/xilinx/interface/maxi.gen 
Execute           source /home/carlos/Xilinx/Vivado/2018.2/common/technology/xilinx/scripts/xilinxcoregen.gen 
Execute           source /home/carlos/Xilinx/Vivado/2018.2/common/technology/xilinx/interface/XilEDKCoreGen.gen 
Execute           source /home/carlos/Xilinx/Vivado/2018.2/common/technology/xilinx/ip/dds_compiler.gen 
Execute           source /home/carlos/Xilinx/Vivado/2018.2/common/technology/xilinx/ip/util.gen 
Execute           source /home/carlos/Xilinx/Vivado/2018.2/common/technology/xilinx/ip/xfft.gen 
Command           ap_source done; 0.13 sec.
Execute           source /home/carlos/Xilinx/Vivado/2018.2/common/technology/xilinx/ip/xfir.gen 
Command         ap_source done; 0.18 sec.
Execute         source /home/carlos/Xilinx/Vivado/2018.2/common/technology/xilinx/common/dsp48.gen 
Command       ap_source done; 0.18 sec.
Command     ap_source done; 0.18 sec.
Execute     source /home/carlos/Xilinx/Vivado/2018.2/common/technology/xilinx/zynq/zynq_fpv6.gen 
Execute       source /home/carlos/Xilinx/Vivado/2018.2/common/technology/xilinx/common/xilinx_fpv6.gen 
Execute     source /home/carlos/Desktop/REPO/github/cpantel/TheZynqBook/pynq-z2/2018.2/exercise04c/solution1/.autopilot/db/global.setting.tcl 
INFO: [IMPL 213-8] Exporting RTL as a Vivado IP.
Execute     source /home/carlos/Desktop/REPO/github/cpantel/TheZynqBook/pynq-z2/2018.2/exercise04c/solution1/.autopilot/db/global.setting.tcl 
Execute     get_config_sdx -target 
Execute     source /home/carlos/Desktop/REPO/github/cpantel/TheZynqBook/pynq-z2/2018.2/exercise04c/solution1/.autopilot/db/global.setting.tcl 
Execute     source /home/carlos/Xilinx/Vivado/2018.2/common/technology/generic/autopilot/common.gen 
Execute       source /home/carlos/Xilinx/Vivado/2018.2/common/technology/generic/autopilot/APCoreGen.gen 
Execute     source /home/carlos/Xilinx/Vivado/2018.2/common/technology/generic/autopilot/op.gen 
Execute     source /home/carlos/Xilinx/Vivado/2018.2/common/technology/generic/autopilot/op_simcore.gen 
Execute     source /home/carlos/Xilinx/Vivado/2018.2/common/technology/generic/autopilot/interface.gen 
Execute     source /home/carlos/Desktop/REPO/github/cpantel/TheZynqBook/pynq-z2/2018.2/exercise04c/solution1/.autopilot/db/global.setting.tcl 
Execute     source /home/carlos/Xilinx/Vivado/2018.2/common/technology/xilinx/zynq/zynq.gen 
Execute       source /home/carlos/Xilinx/Vivado/2018.2/common/technology/xilinx/common/virtex.gen 
Execute         source /home/carlos/Xilinx/Vivado/2018.2/common/technology/xilinx/common/xilinx.gen 
Execute           source /home/carlos/Xilinx/Vivado/2018.2/common/technology/xilinx/interface/plb46.gen 
Execute           source /home/carlos/Xilinx/Vivado/2018.2/common/technology/xilinx/interface/fsl.gen 
Execute           source /home/carlos/Xilinx/Vivado/2018.2/common/technology/xilinx/interface/axi4.gen 
Execute           source /home/carlos/Xilinx/Vivado/2018.2/common/technology/xilinx/interface/nativeAXI4.gen 
Execute             source /home/carlos/Xilinx/Vivado/2018.2/common/technology/xilinx/interface/saxilite.gen 
Execute             source /home/carlos/Xilinx/Vivado/2018.2/common/technology/xilinx/interface/maxi.gen 
Execute           source /home/carlos/Xilinx/Vivado/2018.2/common/technology/xilinx/scripts/xilinxcoregen.gen 
Execute           source /home/carlos/Xilinx/Vivado/2018.2/common/technology/xilinx/interface/XilEDKCoreGen.gen 
Execute           source /home/carlos/Xilinx/Vivado/2018.2/common/technology/xilinx/ip/dds_compiler.gen 
Execute           source /home/carlos/Xilinx/Vivado/2018.2/common/technology/xilinx/ip/util.gen 
Execute           source /home/carlos/Xilinx/Vivado/2018.2/common/technology/xilinx/ip/xfft.gen 
Command           ap_source done; 0.12 sec.
Execute           source /home/carlos/Xilinx/Vivado/2018.2/common/technology/xilinx/ip/xfir.gen 
Command         ap_source done; 0.16 sec.
Execute         source /home/carlos/Xilinx/Vivado/2018.2/common/technology/xilinx/common/dsp48.gen 
Command       ap_source done; 0.17 sec.
Command     ap_source done; 0.17 sec.
Execute     source /home/carlos/Xilinx/Vivado/2018.2/common/technology/xilinx/zynq/zynq_fpv6.gen 
Execute       source /home/carlos/Xilinx/Vivado/2018.2/common/technology/xilinx/common/xilinx_fpv6.gen 
Execute     source /home/carlos/Desktop/REPO/github/cpantel/TheZynqBook/pynq-z2/2018.2/exercise04c/solution1/.autopilot/db/nco.rtl_wrap.cfg.tcl 
Execute     source /home/carlos/Desktop/REPO/github/cpantel/TheZynqBook/pynq-z2/2018.2/exercise04c/solution1/.autopilot/db/nco.rtl_wrap.cfg.tcl 
Execute     source /home/carlos/Desktop/REPO/github/cpantel/TheZynqBook/pynq-z2/2018.2/exercise04c/solution1/.autopilot/db/nco.rtl_wrap.cfg.tcl 
Execute     source /home/carlos/Desktop/REPO/github/cpantel/TheZynqBook/pynq-z2/2018.2/exercise04c/solution1/.autopilot/db/nco.tbgen.tcl 
Execute     source /home/carlos/Desktop/REPO/github/cpantel/TheZynqBook/pynq-z2/2018.2/exercise04c/solution1/.autopilot/db/nco.tbgen.tcl 
Execute     source /home/carlos/Desktop/REPO/github/cpantel/TheZynqBook/pynq-z2/2018.2/exercise04c/solution1/.autopilot/db/global.setting.tcl 
Execute     source /home/carlos/Desktop/REPO/github/cpantel/TheZynqBook/pynq-z2/2018.2/exercise04c/solution1/.autopilot/db/nco.compgen.tcl 
Execute     source /home/carlos/Desktop/REPO/github/cpantel/TheZynqBook/pynq-z2/2018.2/exercise04c/solution1/.autopilot/db/global.setting.tcl 
Execute     source /home/carlos/Desktop/REPO/github/cpantel/TheZynqBook/pynq-z2/2018.2/exercise04c/solution1/.autopilot/db/nco.compgen.tcl 
Execute     source /home/carlos/Desktop/REPO/github/cpantel/TheZynqBook/pynq-z2/2018.2/exercise04c/solution1/.autopilot/db/global.setting.tcl 
Execute     source /home/carlos/Desktop/REPO/github/cpantel/TheZynqBook/pynq-z2/2018.2/exercise04c/solution1/.autopilot/db/nco.compgen.tcl 
Execute     source /home/carlos/Desktop/REPO/github/cpantel/TheZynqBook/pynq-z2/2018.2/exercise04c/solution1/.autopilot/db/global.setting.tcl 
Execute     source /home/carlos/Desktop/REPO/github/cpantel/TheZynqBook/pynq-z2/2018.2/exercise04c/solution1/.autopilot/db/nco.constraint.tcl 
Execute     source /home/carlos/Desktop/REPO/github/cpantel/TheZynqBook/pynq-z2/2018.2/exercise04c/solution1/.autopilot/db/nco.tbgen.tcl 
Execute     source /home/carlos/Desktop/REPO/github/cpantel/TheZynqBook/pynq-z2/2018.2/exercise04c/solution1/.autopilot/db/global.setting.tcl 
Execute     source /home/carlos/Desktop/REPO/github/cpantel/TheZynqBook/pynq-z2/2018.2/exercise04c/solution1/.autopilot/db/nco.tbgen.tcl 
Execute     source /home/carlos/Desktop/REPO/github/cpantel/TheZynqBook/pynq-z2/2018.2/exercise04c/solution1/.autopilot/db/global.setting.tcl 
Execute     source /home/carlos/Desktop/REPO/github/cpantel/TheZynqBook/pynq-z2/2018.2/exercise04c/solution1/.autopilot/db/global.setting.tcl 
Execute     source /home/carlos/Desktop/REPO/github/cpantel/TheZynqBook/pynq-z2/2018.2/exercise04c/solution1/.autopilot/db/nco.rtl_wrap.cfg.tcl 
Execute     source /home/carlos/Desktop/REPO/github/cpantel/TheZynqBook/pynq-z2/2018.2/exercise04c/solution1/.autopilot/db/nco.rtl_wrap.cfg.tcl 
Execute     source /home/carlos/Desktop/REPO/github/cpantel/TheZynqBook/pynq-z2/2018.2/exercise04c/solution1/.autopilot/db/nco.rtl_wrap.cfg.tcl 
Execute     source /home/carlos/Desktop/REPO/github/cpantel/TheZynqBook/pynq-z2/2018.2/exercise04c/solution1/.autopilot/db/nco.tbgen.tcl 
Execute     source /home/carlos/Desktop/REPO/github/cpantel/TheZynqBook/pynq-z2/2018.2/exercise04c/solution1/.autopilot/db/nco.tbgen.tcl 
Execute     source /home/carlos/Desktop/REPO/github/cpantel/TheZynqBook/pynq-z2/2018.2/exercise04c/solution1/.autopilot/db/nco.tbgen.tcl 
Execute     source /home/carlos/Desktop/REPO/github/cpantel/TheZynqBook/pynq-z2/2018.2/exercise04c/solution1/.autopilot/db/nco.rtl_wrap.cfg.tcl 
Execute     source /home/carlos/Desktop/REPO/github/cpantel/TheZynqBook/pynq-z2/2018.2/exercise04c/solution1/.autopilot/db/nco.rtl_wrap.cfg.tcl 
Execute     source /home/carlos/Desktop/REPO/github/cpantel/TheZynqBook/pynq-z2/2018.2/exercise04c/solution1/.autopilot/db/nco.rtl_wrap.cfg.tcl 
Execute     source /home/carlos/Desktop/REPO/github/cpantel/TheZynqBook/pynq-z2/2018.2/exercise04c/solution1/.autopilot/db/nco.tbgen.tcl 
Execute     source /home/carlos/Desktop/REPO/github/cpantel/TheZynqBook/pynq-z2/2018.2/exercise04c/solution1/.autopilot/db/nco.tbgen.tcl 
Execute     source /home/carlos/Desktop/REPO/github/cpantel/TheZynqBook/pynq-z2/2018.2/exercise04c/solution1/.autopilot/db/global.setting.tcl 
Execute     source /home/carlos/Desktop/REPO/github/cpantel/TheZynqBook/pynq-z2/2018.2/exercise04c/solution1/.autopilot/db/nco.tbgen.tcl 
Execute     source /home/carlos/Desktop/REPO/github/cpantel/TheZynqBook/pynq-z2/2018.2/exercise04c/solution1/.autopilot/db/global.setting.tcl 
Execute     source /home/carlos/Desktop/REPO/github/cpantel/TheZynqBook/pynq-z2/2018.2/exercise04c/solution1/.autopilot/db/nco.constraint.tcl 
Execute     source /home/carlos/Desktop/REPO/github/cpantel/TheZynqBook/pynq-z2/2018.2/exercise04c/solution1/.autopilot/db/global.setting.tcl 
Execute     source /home/carlos/Desktop/REPO/github/cpantel/TheZynqBook/pynq-z2/2018.2/exercise04c/solution1/.autopilot/db/global.setting.tcl 
Execute     source /home/carlos/Desktop/REPO/github/cpantel/TheZynqBook/pynq-z2/2018.2/exercise04c/solution1/.autopilot/db/nco.constraint.tcl 
Execute     source /home/carlos/Desktop/REPO/github/cpantel/TheZynqBook/pynq-z2/2018.2/exercise04c/solution1/.autopilot/db/nco.tbgen.tcl 
Execute     source /home/carlos/Desktop/REPO/github/cpantel/TheZynqBook/pynq-z2/2018.2/exercise04c/solution1/.autopilot/db/global.setting.tcl 
Execute     source /home/carlos/Desktop/REPO/github/cpantel/TheZynqBook/pynq-z2/2018.2/exercise04c/solution1/.autopilot/db/nco.constraint.tcl 
Execute     source /home/carlos/Desktop/REPO/github/cpantel/TheZynqBook/pynq-z2/2018.2/exercise04c/solution1/.autopilot/db/nco.tbgen.tcl 
Execute     source /home/carlos/Desktop/REPO/github/cpantel/TheZynqBook/pynq-z2/2018.2/exercise04c/solution1/.autopilot/db/global.setting.tcl 
Execute     source /home/carlos/Xilinx/Vivado/2018.2/common/technology/generic/autopilot/common.gen 
Execute       source /home/carlos/Xilinx/Vivado/2018.2/common/technology/generic/autopilot/APCoreGen.gen 
Execute     source /home/carlos/Xilinx/Vivado/2018.2/common/technology/generic/autopilot/op.gen 
Execute     source /home/carlos/Xilinx/Vivado/2018.2/common/technology/generic/autopilot/op_simcore.gen 
Execute     source /home/carlos/Xilinx/Vivado/2018.2/common/technology/generic/autopilot/interface.gen 
Execute     source /home/carlos/Desktop/REPO/github/cpantel/TheZynqBook/pynq-z2/2018.2/exercise04c/solution1/.autopilot/db/global.setting.tcl 
Execute     source /home/carlos/Xilinx/Vivado/2018.2/common/technology/xilinx/zynq/zynq.gen 
Execute       source /home/carlos/Xilinx/Vivado/2018.2/common/technology/xilinx/common/virtex.gen 
Execute         source /home/carlos/Xilinx/Vivado/2018.2/common/technology/xilinx/common/xilinx.gen 
Execute           source /home/carlos/Xilinx/Vivado/2018.2/common/technology/xilinx/interface/plb46.gen 
Execute           source /home/carlos/Xilinx/Vivado/2018.2/common/technology/xilinx/interface/fsl.gen 
Execute           source /home/carlos/Xilinx/Vivado/2018.2/common/technology/xilinx/interface/axi4.gen 
Execute           source /home/carlos/Xilinx/Vivado/2018.2/common/technology/xilinx/interface/nativeAXI4.gen 
Execute             source /home/carlos/Xilinx/Vivado/2018.2/common/technology/xilinx/interface/saxilite.gen 
Execute             source /home/carlos/Xilinx/Vivado/2018.2/common/technology/xilinx/interface/maxi.gen 
Execute           source /home/carlos/Xilinx/Vivado/2018.2/common/technology/xilinx/scripts/xilinxcoregen.gen 
Execute           source /home/carlos/Xilinx/Vivado/2018.2/common/technology/xilinx/interface/XilEDKCoreGen.gen 
Execute           source /home/carlos/Xilinx/Vivado/2018.2/common/technology/xilinx/ip/dds_compiler.gen 
Execute           source /home/carlos/Xilinx/Vivado/2018.2/common/technology/xilinx/ip/util.gen 
Execute           source /home/carlos/Xilinx/Vivado/2018.2/common/technology/xilinx/ip/xfft.gen 
Command           ap_source done; 0.12 sec.
Execute           source /home/carlos/Xilinx/Vivado/2018.2/common/technology/xilinx/ip/xfir.gen 
Command         ap_source done; 0.17 sec.
Execute         source /home/carlos/Xilinx/Vivado/2018.2/common/technology/xilinx/common/dsp48.gen 
Command       ap_source done; 0.17 sec.
Command     ap_source done; 0.17 sec.
Execute     source /home/carlos/Xilinx/Vivado/2018.2/common/technology/xilinx/zynq/zynq_fpv6.gen 
Execute       source /home/carlos/Xilinx/Vivado/2018.2/common/technology/xilinx/common/xilinx_fpv6.gen 
Command   export_design done; 12.57 sec.
Command ap_source done; 12.97 sec.
Execute cleanup_all 
